BEGIN;
BEGIN
EXPLAIN (ANALYZE, BUFFERS)
select
	l_shipmode,
	sum(case
		when o_orderpriority = '1-URGENT'
			or o_orderpriority = '2-HIGH'
			then 1
		else 0
	end) as high_line_count,
	sum(case
		when o_orderpriority <> '1-URGENT'
			and o_orderpriority <> '2-HIGH'
			then 1
		else 0
	end) as low_line_count
from
	orders,
	lineitem
where
	o_orderkey = l_orderkey
	and l_shipmode in ('MAIL', 'FOB')
	and l_commitdate < l_receiptdate
	and l_shipdate < l_commitdate
	and l_receiptdate >= date '1995-01-01'
	and l_receiptdate < date '1995-01-01' + interval '1 year'
group by
	l_shipmode
order by
	l_shipmode;
                                                                                                                              QUERY PLAN                                                                                                                               
-----------------------------------------------------------------------------------------------------------------------------------------------------------------------------------------------------------------------------------------------------------------------
 Sort  (cost=9411115.98..9411115.98 rows=1 width=27) (actual time=95446.274..95446.274 rows=2 loops=1)
   Sort Key: lineitem.l_shipmode
   Sort Method: quicksort  Memory: 25kB
   Buffers: shared hit=1115526 read=3035674
   ->  HashAggregate  (cost=9411115.96..9411115.97 rows=1 width=27) (actual time=95446.223..95446.223 rows=2 loops=1)
         Group Key: lineitem.l_shipmode
         Buffers: shared hit=1115521 read=3035674
         ->  Merge Join  (cost=7339550.06..9395964.14 rows=865818 width=27) (actual time=72970.317..94533.633 rows=937524 loops=1)
               Merge Cond: (orders.o_orderkey = lineitem.l_orderkey)
               Buffers: shared hit=1115521 read=3035674
               ->  Index Scan using pk_orders on orders  (cost=0.56..1930826.13 rows=45045438 width=20) (actual time=0.007..16230.347 rows=45044895 loops=1)
                     Buffers: shared hit=67259 read=883796
               ->  Sort  (cost=7339537.15..7341701.70 rows=865818 width=15) (actual time=72970.267..73152.905 rows=937524 loops=1)
                     Sort Key: lineitem.l_orderkey
                     Sort Method: quicksort  Memory: 68523kB
                     Buffers: shared hit=1048262 read=2151878
                     ->  Seq Scan on lineitem  (cost=0.00..7254151.46 rows=865818 width=15) (actual time=0.138..72384.607 rows=937524 loops=1)
                           Filter: ((l_shipmode = ANY ('{MAIL,FOB}'::bpchar[])) AND (l_commitdate < l_receiptdate) AND (l_shipdate < l_commitdate) AND (l_receiptdate >= '1995-01-01'::date) AND (l_receiptdate < '1996-01-01 00:00:00'::timestamp without time zone))
                           Rows Removed by Filter: 179241063
                           Buffers: shared hit=1048258 read=2151878
 Planning time: 5.756 ms
 Execution time: 95448.792 ms
(22 rows)

COMMIT;
COMMIT
