BEGIN;
BEGIN
EXPLAIN (ANALYZE, BUFFERS)
select
	n_name,
	sum(l_extendedprice * (1 - l_discount)) as revenue
from
	customer,
	orders,
	lineitem,
	supplier,
	nation,
	region
where
	c_custkey = o_custkey
	and l_orderkey = o_orderkey
	and l_suppkey = s_suppkey
	and c_nationkey = s_nationkey
	and s_nationkey = n_nationkey
	and n_regionkey = r_regionkey
	and r_name = 'MIDDLE EAST'
	and o_orderdate >= date '1996-01-01'
	and o_orderdate < date '1996-01-01' + interval '1 year'
group by
	n_name
order by
	revenue desc;
                                                                                                QUERY PLAN                                                                                                
----------------------------------------------------------------------------------------------------------------------------------------------------------------------------------------------------------
 Sort  (cost=6796512.86..6796512.93 rows=25 width=34) (actual time=53490.281..53490.282 rows=5 loops=1)
   Sort Key: (sum((lineitem.l_extendedprice * (1::double precision - lineitem.l_discount))))
   Sort Method: quicksort  Memory: 25kB
   Buffers: shared hit=5784400 read=2471559
   ->  HashAggregate  (cost=6796512.03..6796512.28 rows=25 width=34) (actual time=53490.219..53490.219 rows=5 loops=1)
         Group Key: nation.n_name
         Buffers: shared hit=5784397 read=2471559
         ->  Hash Join  (cost=260910.16..6794316.36 rows=219567 width=34) (actual time=6960.610..53224.780 rows=220159 loops=1)
               Hash Cond: ((lineitem.l_suppkey = supplier.s_suppkey) AND (customer.c_nationkey = supplier.s_nationkey))
               Buffers: shared hit=5784397 read=2471559
               ->  Nested Loop  (cost=246871.16..6736913.11 rows=5489144 width=46) (actual time=6746.114..50282.545 rows=5489525 loops=1)
                     Buffers: shared hit=5784392 read=2465022
                     ->  Hash Join  (cost=246870.59..1311091.71 rows=1372311 width=38) (actual time=6746.074..27656.113 rows=1372309 loops=1)
                           Hash Cond: (orders.o_custkey = customer.c_custkey)
                           Buffers: shared hit=423378 read=866460
                           ->  Bitmap Heap Scan on orders  (cost=133904.48..1158671.66 rows=6861555 width=8) (actual time=85.056..16389.228 rows=6852950 loops=1)
                                 Recheck Cond: (o_orderdate >= '1996-01-01'::date)
                                 Rows Removed by Index Recheck: 27351895
                                 Filter: (o_orderdate < '1997-01-01 00:00:00'::timestamp without time zone)
                                 Rows Removed by Filter: 10840155
                                 Heap Blocks: lossy=760605
                                 Buffers: shared hit=17 read=760622
                                 ->  Bitmap Index Scan on orders_o_orderdate_o_orderkey_brin_idx  (cost=0.00..132189.09 rows=17610812 width=0) (actual time=84.527..84.527 rows=7607040 loops=1)
                                       Index Cond: (o_orderdate >= '1996-01-01'::date)
                                       Buffers: shared hit=16 read=18
                           ->  Hash  (cost=101716.11..101716.11 rows=900000 width=38) (actual time=6654.955..6654.955 rows=899828 loops=1)
                                 Buckets: 1048576  Batches: 1  Memory Usage: 71462kB
                                 Buffers: shared hit=423361 read=105838
                                 ->  Nested Loop  (cost=1895.14..101716.11 rows=900000 width=38) (actual time=11.598..6245.841 rows=899828 loops=1)
                                       Buffers: shared hit=423361 read=105838
                                       ->  Nested Loop  (cost=0.14..13.95 rows=5 width=30) (actual time=0.063..0.135 rows=5 loops=1)
                                             Join Filter: (nation.n_regionkey = region.r_regionkey)
                                             Rows Removed by Join Filter: 20
                                             Buffers: shared hit=3
                                             ->  Index Scan using pk_nation on nation  (cost=0.14..12.51 rows=25 width=34) (actual time=0.026..0.053 rows=25 loops=1)
                                                   Buffers: shared hit=2
                                             ->  Materialize  (cost=0.00..1.07 rows=1 width=4) (actual time=0.001..0.002 rows=1 loops=25)
                                                   Buffers: shared hit=1
                                                   ->  Seq Scan on region  (cost=0.00..1.06 rows=1 width=4) (actual time=0.013..0.013 rows=1 loops=1)
                                                         Filter: (r_name = 'MIDDLE EAST'::bpchar)
                                                         Rows Removed by Filter: 4
                                                         Buffers: shared hit=1
                                       ->  Bitmap Heap Scan on customer  (cost=1895.00..18540.43 rows=180000 width=8) (actual time=11.406..1217.119 rows=179966 loops=5)
                                             Recheck Cond: (c_nationkey = nation.n_nationkey)
                                             Rows Removed by Index Recheck: 4320034
                                             Heap Blocks: lossy=529180
                                             Buffers: shared hit=423358 read=105838
                                             ->  Bitmap Index Scan on customer_c_nationkey_c_custkey_brin_idx  (cost=0.00..1850.00 rows=180000 width=0) (actual time=11.329..11.329 rows=1058560 loops=5)
                                                   Index Cond: (c_nationkey = nation.n_nationkey)
                                                   Buffers: shared hit=12 read=4
                     ->  Index Scan using pk_lineitem on lineitem  (cost=0.57..3.54 rows=41 width=16) (actual time=0.013..0.015 rows=4 loops=1372309)
                           Index Cond: (l_orderkey = orders.o_orderkey)
                           Buffers: shared hit=5361014 read=1598562
               ->  Hash  (cost=9539.00..9539.00 rows=300000 width=8) (actual time=211.700..211.700 rows=300000 loops=1)
                     Buckets: 524288  Batches: 1  Memory Usage: 15815kB
                     Buffers: shared hit=2 read=6537
                     ->  Seq Scan on supplier  (cost=0.00..9539.00 rows=300000 width=8) (actual time=0.010..119.433 rows=300000 loops=1)
                           Buffers: shared hit=2 read=6537
 Planning time: 5.911 ms
 Execution time: 53491.404 ms
(60 rows)

COMMIT;
COMMIT
