BEGIN;
BEGIN
EXPLAIN (ANALYZE, BUFFERS)
select
	c_custkey,
	c_name,
	sum(l_extendedprice * (1 - l_discount)) as revenue,
	c_acctbal,
	n_name,
	c_address,
	c_phone,
	c_comment
from
	customer,
	orders,
	lineitem,
	nation
where
	c_custkey = o_custkey
	and l_orderkey = o_orderkey
	and o_orderdate >= date '1993-11-01'
	and o_orderdate < cast(date '1993-11-01' + interval '3 month' as date)
	and l_returnflag = 'R'
	and c_nationkey = n_nationkey
group by
	c_custkey,
	c_name,
	c_acctbal,
	c_phone,
	n_name,
	c_address,
	c_comment
order by
	revenue desc
LIMIT 20;
                                                                                                QUERY PLAN                                                                                                 
-----------------------------------------------------------------------------------------------------------------------------------------------------------------------------------------------------------
 Limit  (cost=6951651.47..6951651.52 rows=20 width=176) (actual time=100467.515..100467.520 rows=20 loops=1)
   Buffers: shared hit=883061 read=3223145 dirtied=1521 written=1786
   ->  Sort  (cost=6951651.47..6955995.25 rows=1737513 width=176) (actual time=100467.511..100467.513 rows=20 loops=1)
         Sort Key: (sum((lineitem.l_extendedprice * (1::double precision - lineitem.l_discount))))
         Sort Method: top-N heapsort  Memory: 30kB
         Buffers: shared hit=883061 read=3223145 dirtied=1521 written=1786
         ->  HashAggregate  (cost=6888041.74..6905416.87 rows=1737513 width=176) (actual time=99248.954..100038.903 rows=1149198 loops=1)
               Group Key: customer.c_custkey, customer.c_name, customer.c_acctbal, customer.c_phone, nation.n_name, customer.c_address, customer.c_comment
               Buffers: shared hit=883058 read=3223145 dirtied=1521 written=1786
               ->  Hash Join  (cost=1041986.09..6844603.92 rows=1737513 width=176) (actual time=23315.813..92830.607 rows=3438488 loops=1)
                     Hash Cond: (customer.c_nationkey = nation.n_nationkey)
                     Buffers: shared hit=883058 read=3223145 dirtied=1521 written=1786
                     ->  Hash Join  (cost=1041984.52..6820711.55 rows=1737513 width=154) (actual time=23315.783..91564.175 rows=3438488 loops=1)
                           Hash Cond: (orders.o_custkey = customer.c_custkey)
                           Buffers: shared hit=883057 read=3223145 dirtied=1521 written=1786
                           ->  Hash Join  (cost=834898.52..6583219.07 rows=1737513 width=12) (actual time=19020.189..84782.637 rows=3438488 loops=1)
                                 Hash Cond: (lineitem.l_orderkey = orders.o_orderkey)
                                 Buffers: shared hit=830786 read=3169580 dirtied=1521 written=1699
                                 ->  Seq Scan on lineitem  (cost=0.00..5506879.65 rows=44813154 width=12) (actual time=0.011..54252.520 rows=44419494 loops=1)
                                       Filter: (l_returnflag = 'R'::bpchar)
                                       Rows Removed by Filter: 135581003
                                       Buffers: shared hit=583277 read=2648854
                                 ->  Hash  (cost=812849.01..812849.01 rows=1763961 width=8) (actual time=19011.298..19011.298 rows=1719981 loops=1)
                                       Buckets: 2097152  Batches: 1  Memory Usage: 83571kB
                                       Buffers: shared hit=247509 read=520726 dirtied=1521 written=1699
                                       ->  Bitmap Heap Scan on orders  (cost=18188.60..812849.01 rows=1763961 width=8) (actual time=85.675..18340.413 rows=1719981 loops=1)
                                             Recheck Cond: ((o_orderdate >= '1993-11-01'::date) AND (o_orderdate < '1994-02-01'::date))
                                             Rows Removed by Index Recheck: 43280019
                                             Heap Blocks: lossy=768201
                                             Buffers: shared hit=247509 read=520726 dirtied=1521 written=1699
                                             ->  Bitmap Index Scan on orders_o_orderdate_o_orderkey_brin_idx  (cost=0.00..17747.61 rows=1763961 width=0) (actual time=85.144..85.144 rows=7682560 loops=1)
                                                   Index Cond: ((o_orderdate >= '1993-11-01'::date) AND (o_orderdate < '1994-02-01'::date))
                                                   Buffers: shared hit=9 read=25
                           ->  Hash  (cost=150836.00..150836.00 rows=4500000 width=146) (actual time=4272.301..4272.301 rows=4500000 loops=1)
                                 Buckets: 8388608  Batches: 1  Memory Usage: 860930kB
                                 Buffers: shared hit=52271 read=53565 written=87
                                 ->  Seq Scan on customer  (cost=0.00..150836.00 rows=4500000 width=146) (actual time=0.008..1921.166 rows=4500000 loops=1)
                                       Buffers: shared hit=52271 read=53565 written=87
                     ->  Hash  (cost=1.25..1.25 rows=25 width=30) (actual time=0.018..0.018 rows=25 loops=1)
                           Buckets: 1024  Batches: 1  Memory Usage: 10kB
                           Buffers: shared hit=1
                           ->  Seq Scan on nation  (cost=0.00..1.25 rows=25 width=30) (actual time=0.004..0.006 rows=25 loops=1)
                                 Buffers: shared hit=1
 Planning time: 5.275 ms
 Execution time: 100505.563 ms
(45 rows)

COMMIT;
COMMIT
