BEGIN;
BEGIN
EXPLAIN (ANALYZE, BUFFERS)
select
	l_shipmode,
	sum(case
		when o_orderpriority = '1-URGENT'
			or o_orderpriority = '2-HIGH'
			then 1
		else 0
	end) as high_line_count,
	sum(case
		when o_orderpriority <> '1-URGENT'
			and o_orderpriority <> '2-HIGH'
			then 1
		else 0
	end) as low_line_count
from
	orders,
	lineitem
where
	o_orderkey = l_orderkey
	and l_shipmode in ('REG AIR', 'FOB')
	and l_commitdate < l_receiptdate
	and l_shipdate < l_commitdate
	and l_receiptdate >= date '1997-01-01'
	and l_receiptdate < date '1997-01-01' + interval '1 year'
group by
	l_shipmode
order by
	l_shipmode;
                                                                                                                                 QUERY PLAN                                                                                                                                 
----------------------------------------------------------------------------------------------------------------------------------------------------------------------------------------------------------------------------------------------------------------------------
 Sort  (cost=9511489.97..9511489.97 rows=1 width=27) (actual time=94436.652..94436.652 rows=2 loops=1)
   Sort Key: lineitem.l_shipmode
   Sort Method: quicksort  Memory: 25kB
   Buffers: shared hit=686101 read=3487696 written=30
   ->  HashAggregate  (cost=9511489.95..9511489.96 rows=1 width=27) (actual time=94436.616..94436.617 rows=2 loops=1)
         Group Key: lineitem.l_shipmode
         Buffers: shared hit=686096 read=3487696 written=30
         ->  Merge Join  (cost=7413979.83..9496023.76 rows=883782 width=27) (actual time=71893.992..93536.491 rows=933997 loops=1)
               Merge Cond: (orders.o_orderkey = lineitem.l_orderkey)
               Buffers: shared hit=686096 read=3487696 written=30
               ->  Index Scan using pk_orders on orders  (cost=0.56..1955062.03 rows=45495298 width=20) (actual time=0.008..16447.938 rows=44999991 loops=1)
                     Buffers: shared hit=163434 read=778223 written=30
               ->  Sort  (cost=7413966.76..7416176.22 rows=883782 width=15) (actual time=71893.963..72030.651 rows=933997 loops=1)
                     Sort Key: lineitem.l_orderkey
                     Sort Method: quicksort  Memory: 68358kB
                     Buffers: shared hit=522662 read=2709473
                     ->  Seq Scan on lineitem  (cost=0.00..7326678.57 rows=883782 width=15) (actual time=0.074..71267.515 rows=933997 loops=1)
                           Filter: ((l_shipmode = ANY ('{"REG AIR",FOB}'::bpchar[])) AND (l_commitdate < l_receiptdate) AND (l_shipdate < l_commitdate) AND (l_receiptdate >= '1997-01-01'::date) AND (l_receiptdate < '1998-01-01 00:00:00'::timestamp without time zone))
                           Rows Removed by Filter: 179066500
                           Buffers: shared hit=522658 read=2709473
 Planning time: 3.318 ms
 Execution time: 94441.038 ms
(22 rows)

COMMIT;
COMMIT
