BEGIN;
BEGIN
EXPLAIN (ANALYZE, BUFFERS)
select
	sum(l_extendedprice* (1 - l_discount)) as revenue
from
	lineitem,
	part
where
	(
		p_partkey = l_partkey
		and p_brand = 'Brand#45'
		and p_container in ('SM CASE', 'SM BOX', 'SM PACK', 'SM PKG')
		and l_quantity >= 6 and l_quantity <= 6+10
		and p_size between 1 and 5
		and l_shipmode in ('AIR', 'AIR REG')
		and l_shipinstruct = 'DELIVER IN PERSON'
	)
	or
	(
		p_partkey = l_partkey
		and p_brand = 'Brand#43'
		and p_container in ('MED BAG', 'MED BOX', 'MED PKG', 'MED PACK')
		and l_quantity >= 11 and l_quantity <= 11+10
		and p_size between 1 and 10
		and l_shipmode in ('AIR', 'AIR REG')
		and l_shipinstruct = 'DELIVER IN PERSON'
	)
	or
	(
		p_partkey = l_partkey
		and p_brand = 'Brand#55'
		and p_container in ('LG CASE', 'LG BOX', 'LG PACK', 'LG PKG')
		and l_quantity >= 25 and l_quantity <= 25+10
		and p_size between 1 and 15
		and l_shipmode in ('AIR', 'AIR REG')
		and l_shipinstruct = 'DELIVER IN PERSON'
	);
                                                                                                                                                                                                                                                                                                                                                                                                                                                                                                                                                  QUERY PLAN                                                                                                                                                                                                                                                                                                                                                                                                                                                                                                                                                  
--------------------------------------------------------------------------------------------------------------------------------------------------------------------------------------------------------------------------------------------------------------------------------------------------------------------------------------------------------------------------------------------------------------------------------------------------------------------------------------------------------------------------------------------------------------------------------------------------------------------------------------------------------------------------------------------------------------------------------------------------------------------------------------------------------------------------------------------------------------------------------------------------------------------------------------------------------------------------------------------------------------------------------------------------------------------------------------------------------------
 Aggregate  (cost=1832741.86..1832741.87 rows=1 width=8) (actual time=7593.725..7593.725 rows=1 loops=1)
   Buffers: shared hit=127650 read=419310 dirtied=2715 written=121
   ->  Nested Loop  (cost=38420.82..1832716.28 rows=3410 width=8) (actual time=107.459..7590.280 rows=3432 loops=1)
         Buffers: shared hit=127650 read=419310 dirtied=2715 written=121
         ->  Bitmap Heap Scan on part  (cost=38420.25..79403.95 rows=14227 width=30) (actual time=104.928..855.353 rows=14360 loops=1)
               Recheck Cond: (((p_container = ANY ('{"SM CASE","SM BOX","SM PACK","SM PKG"}'::bpchar[])) AND (p_brand = 'Brand#45'::bpchar) AND (p_size <= 5) AND (p_size >= 1)) OR ((p_container = ANY ('{"MED BAG","MED BOX","MED PKG","MED PACK"}'::bpchar[])) AND (p_brand = 'Brand#43'::bpchar) AND (p_size <= 10) AND (p_size >= 1)) OR ((p_container = ANY ('{"LG CASE","LG BOX","LG PACK","LG PKG"}'::bpchar[])) AND (p_brand = 'Brand#55'::bpchar) AND (p_size <= 15) AND (p_size >= 1)))
               Rows Removed by Index Recheck: 57537
               Heap Blocks: exact=54376
               Buffers: shared hit=30 read=54838 written=20
               ->  BitmapOr  (cost=38420.25..38420.25 rows=14237 width=0) (actual time=90.708..90.708 rows=0 loops=1)
                     Buffers: shared hit=29 read=463
                     ->  BitmapAnd  (cost=6847.68..6847.68 rows=2368 width=0) (actual time=26.634..26.634 rows=0 loops=1)
                           Buffers: shared hit=6 read=159
                           ->  Bitmap Index Scan on part_p_container_p_brand_p_partkey_idx  (cost=0.00..831.51 rows=23728 width=0) (actual time=11.040..11.040 rows=24067 loops=1)
                                 Index Cond: ((p_container = ANY ('{"SM CASE","SM BOX","SM PACK","SM PKG"}'::bpchar[])) AND (p_brand = 'Brand#45'::bpchar))
                                 Buffers: shared hit=6 read=155
                           ->  Bitmap Index Scan on part_p_size_brin_idx  (cost=0.00..6008.80 rows=598880 width=0) (actual time=13.049..13.049 rows=1216000 loops=1)
                                 Index Cond: ((p_size <= 5) AND (p_size >= 1))
                                 Buffers: shared read=4
                     ->  BitmapAnd  (cost=12791.92..12791.92 rows=4691 width=0) (actual time=26.246..26.246 rows=0 loops=1)
                           Buffers: shared hit=11 read=152
                           ->  Bitmap Index Scan on part_p_container_p_brand_p_partkey_idx  (cost=0.00..813.75 rows=23551 width=0) (actual time=10.870..10.870 rows=23861 loops=1)
                                 Index Cond: ((p_container = ANY ('{"MED BAG","MED BOX","MED PKG","MED PACK"}'::bpchar[])) AND (p_brand = 'Brand#43'::bpchar))
                                 Buffers: shared hit=7 read=152
                           ->  Bitmap Index Scan on part_p_size_brin_idx  (cost=0.00..11970.80 rows=1195080 width=0) (actual time=12.883..12.883 rows=1216000 loops=1)
                                 Index Cond: ((p_size <= 10) AND (p_size >= 1))
                                 Buffers: shared hit=4
                     ->  BitmapAnd  (cost=18780.16..18780.16 rows=7178 width=0) (actual time=26.018..26.018 rows=0 loops=1)
                           Buffers: shared hit=12 read=152
                           ->  Bitmap Index Scan on part_p_container_p_brand_p_partkey_idx  (cost=0.00..834.59 rows=24035 width=0) (actual time=10.677..10.677 rows=23969 loops=1)
                                 Index Cond: ((p_container = ANY ('{"LG CASE","LG BOX","LG PACK","LG PKG"}'::bpchar[])) AND (p_brand = 'Brand#55'::bpchar))
                                 Buffers: shared hit=8 read=152
                           ->  Bitmap Index Scan on part_p_size_brin_idx  (cost=0.00..17938.20 rows=1791820 width=0) (actual time=12.864..12.864 rows=1216000 loops=1)
                                 Index Cond: ((p_size <= 15) AND (p_size >= 1))
                                 Buffers: shared hit=4
         ->  Index Scan using lineitem_l_partkey_l_quantity_idx on lineitem  (cost=0.57..123.23 rows=1 width=16) (actual time=0.412..0.467 rows=0 loops=14360)
               Index Cond: (l_partkey = part.p_partkey)
               Filter: ((l_shipmode = ANY ('{AIR,"AIR REG"}'::bpchar[])) AND (l_shipinstruct = 'DELIVER IN PERSON'::bpchar) AND (((l_quantity >= 6::double precision) AND (l_quantity <= 16::double precision)) OR ((l_quantity >= 11::double precision) AND (l_quantity <= 21::double precision)) OR ((l_quantity >= 25::double precision) AND (l_quantity <= 35::double precision))) AND (((part.p_brand = 'Brand#45'::bpchar) AND (part.p_container = ANY ('{"SM CASE","SM BOX","SM PACK","SM PKG"}'::bpchar[])) AND (l_quantity >= 6::double precision) AND (l_quantity <= 16::double precision) AND (part.p_size <= 5)) OR ((part.p_brand = 'Brand#43'::bpchar) AND (part.p_container = ANY ('{"MED BAG","MED BOX","MED PKG","MED PACK"}'::bpchar[])) AND (l_quantity >= 11::double precision) AND (l_quantity <= 21::double precision) AND (part.p_size <= 10)) OR ((part.p_brand = 'Brand#55'::bpchar) AND (part.p_container = ANY ('{"LG CASE","LG BOX","LG PACK","LG PKG"}'::bpchar[])) AND (l_quantity >= 25::double precision) AND (l_quantity <= 35::double precision) AND (part.p_size <= 15))))
               Rows Removed by Filter: 30
               Buffers: shared hit=127620 read=364472 dirtied=2715 written=101
 Planning time: 4.878 ms
 Execution time: 7594.324 ms
(42 rows)

COMMIT;
COMMIT
