BEGIN;
BEGIN
EXPLAIN (ANALYZE, BUFFERS)
select
	l_orderkey,
	sum(l_extendedprice * (1 - l_discount)) as revenue,
	o_orderdate,
	o_shippriority
from
	customer,
	orders,
	lineitem
where
	c_mktsegment = 'AUTOMOBILE'
	and c_custkey = o_custkey
	and l_orderkey = o_orderkey
	and o_orderdate < date '1995-03-22'
	and l_shipdate > date '1995-03-22'
group by
	l_orderkey,
	o_orderdate,
	o_shippriority
order by
	revenue desc,
	o_orderdate
LIMIT 10;
                                                                                               QUERY PLAN                                                                                               
--------------------------------------------------------------------------------------------------------------------------------------------------------------------------------------------------------
 Limit  (cost=8038299.12..8038299.15 rows=10 width=20) (actual time=107918.051..107918.054 rows=10 loops=1)
   Buffers: shared hit=721477 read=3388321 written=12
   ->  Sort  (cost=8038299.12..8062222.86 rows=9569495 width=20) (actual time=107918.048..107918.048 rows=10 loops=1)
         Sort Key: (sum((lineitem.l_extendedprice * (1::double precision - lineitem.l_discount)))), orders.o_orderdate
         Sort Method: top-N heapsort  Memory: 25kB
         Buffers: shared hit=721477 read=3388321 written=12
         ->  HashAggregate  (cost=7735810.83..7831505.78 rows=9569495 width=20) (actual time=107712.709..107854.977 rows=339876 loops=1)
               Group Key: lineitem.l_orderkey, orders.o_orderdate, orders.o_shippriority
               Buffers: shared hit=721471 read=3388321 written=12
               ->  Hash Join  (cost=2310409.21..7592268.40 rows=9569495 width=20) (actual time=28409.762..106870.204 rows=896923 loops=1)
                     Hash Cond: (lineitem.l_orderkey = orders.o_orderkey)
                     Buffers: shared hit=721471 read=3388321 written=12
                     ->  Bitmap Heap Scan on lineitem  (cost=757611.88..5211013.65 rows=97701662 width=12) (actual time=421.614..62163.862 rows=96513022 loops=1)
                           Recheck Cond: (l_shipdate > '1995-03-22'::date)
                           Rows Removed by Index Recheck: 83487475
                           Heap Blocks: lossy=3232131
                           Buffers: shared hit=462876 read=2769396 written=2
                           ->  Bitmap Index Scan on lineitem_l_shipdate_l_suppkey_brin_idx  (cost=0.00..733186.46 rows=97701662 width=0) (actual time=419.068..419.068 rows=32322560 loops=1)
                                 Index Cond: (l_shipdate > '1995-03-22'::date)
                                 Buffers: shared hit=37 read=104 written=2
                     ->  Hash  (cost=1497096.26..1497096.26 rows=4456086 width=12) (actual time=27952.753..27952.753 rows=4399022 loops=1)
                           Buckets: 8388608  Batches: 1  Memory Usage: 254557kB
                           Buffers: shared hit=258595 read=618925 written=10
                           ->  Hash Join  (cost=322041.92..1497096.26 rows=4456086 width=12) (actual time=1233.747..26201.051 rows=4399022 loops=1)
                                 Hash Cond: (orders.o_custkey = customer.c_custkey)
                                 Buffers: shared hit=258595 read=618925 written=10
                                 ->  Bitmap Heap Scan on orders  (cost=172893.64..1219781.17 rows=22294922 width=16) (actual time=85.563..15976.392 rows=21995893 loops=1)
                                       Recheck Cond: (o_orderdate < '1995-03-22'::date)
                                       Rows Removed by Index Recheck: 23004107
                                       Heap Blocks: lossy=768201
                                       Buffers: shared hit=152765 read=615470
                                       ->  Bitmap Index Scan on orders_o_orderdate_o_orderkey_brin_idx  (cost=0.00..167319.91 rows=22294922 width=0) (actual time=85.059..85.059 rows=7682560 loops=1)
                                             Index Cond: (o_orderdate < '1995-03-22'::date)
                                             Buffers: shared hit=9 read=25
                                 ->  Hash  (cost=137905.59..137905.59 rows=899415 width=4) (actual time=1143.611..1143.611 rows=901110 loops=1)
                                       Buckets: 1048576  Batches: 1  Memory Usage: 39872kB
                                       Buffers: shared hit=105830 read=3455 written=10
                                       ->  Bitmap Heap Scan on customer  (cost=20826.90..137905.59 rows=899415 width=4) (actual time=232.645..879.021 rows=901110 loops=1)
                                             Recheck Cond: (c_mktsegment = 'AUTOMOBILE'::bpchar)
                                             Heap Blocks: exact=105830
                                             Buffers: shared hit=105830 read=3455 written=10
                                             ->  Bitmap Index Scan on customer_c_mktsegment_c_custkey_idx  (cost=0.00..20602.04 rows=899415 width=0) (actual time=200.665..200.665 rows=901110 loops=1)
                                                   Index Cond: (c_mktsegment = 'AUTOMOBILE'::bpchar)
                                                   Buffers: shared read=3455 written=10
 Planning time: 3.493 ms
 Execution time: 107972.241 ms
(46 rows)

COMMIT;
COMMIT
