BEGIN;
BEGIN
EXPLAIN (ANALYZE, BUFFERS)
select
	n_name,
	sum(l_extendedprice * (1 - l_discount)) as revenue
from
	customer,
	orders,
	lineitem,
	supplier,
	nation,
	region
where
	c_custkey = o_custkey
	and l_orderkey = o_orderkey
	and l_suppkey = s_suppkey
	and c_nationkey = s_nationkey
	and s_nationkey = n_nationkey
	and n_regionkey = r_regionkey
	and r_name = 'ASIA'
	and o_orderdate >= date '1997-01-01'
	and o_orderdate < date '1997-01-01' + interval '1 year'
group by
	n_name
order by
	revenue desc;
                                                                                                QUERY PLAN                                                                                                
----------------------------------------------------------------------------------------------------------------------------------------------------------------------------------------------------------
 Sort  (cost=6668850.59..6668850.65 rows=25 width=34) (actual time=56068.734..56068.735 rows=5 loops=1)
   Sort Key: (sum((lineitem.l_extendedprice * (1::double precision - lineitem.l_discount))))
   Sort Method: quicksort  Memory: 25kB
   Buffers: shared hit=6075003 read=2135547 dirtied=759 written=1052
   ->  HashAggregate  (cost=6668849.76..6668850.01 rows=25 width=34) (actual time=56068.681..56068.681 rows=5 loops=1)
         Group Key: nation.n_name
         Buffers: shared hit=6075000 read=2135547 dirtied=759 written=1052
         ->  Hash Join  (cost=209516.58..6666669.93 rows=217983 width=34) (actual time=7070.947..55800.039 rows=218589 loops=1)
               Hash Cond: ((lineitem.l_suppkey = supplier.s_suppkey) AND (customer.c_nationkey = supplier.s_nationkey))
               Buffers: shared hit=6075000 read=2135547 dirtied=759 written=1052
               ->  Nested Loop  (cost=195477.58..6609579.36 rows=5449565 width=46) (actual time=6848.029..53336.606 rows=5451577 loops=1)
                     Buffers: shared hit=6070924 read=2133081 dirtied=759 written=1052
                     ->  Hash Join  (cost=195477.01..1157410.18 rows=1362414 width=38) (actual time=6847.985..28348.468 rows=1363213 loops=1)
                           Hash Cond: (orders.o_custkey = customer.c_custkey)
                           Buffers: shared hit=707624 read=582973 dirtied=759
                           ->  Bitmap Heap Scan on orders  (cost=82510.90..1005274.66 rows=6812071 width=8) (actual time=85.537..17324.047 rows=6835644 loops=1)
                                 Recheck Cond: (o_orderdate >= '1997-01-01'::date)
                                 Rows Removed by Index Recheck: 34204592
                                 Filter: (o_orderdate < '1998-01-01 00:00:00'::timestamp without time zone)
                                 Rows Removed by Filter: 4004764
                                 Heap Blocks: lossy=761364
                                 Buffers: shared hit=284262 read=477136 dirtied=759
                                 ->  Bitmap Index Scan on orders_o_orderdate_o_orderkey_brin_idx  (cost=0.00..80807.88 rows=10759984 width=0) (actual time=84.998..84.998 rows=7614720 loops=1)
                                       Index Cond: (o_orderdate >= '1997-01-01'::date)
                                       Buffers: shared hit=9 read=25
                           ->  Hash  (cost=101716.11..101716.11 rows=900000 width=38) (actual time=6757.236..6757.236 rows=899362 loops=1)
                                 Buckets: 1048576  Batches: 1  Memory Usage: 71429kB
                                 Buffers: shared hit=423362 read=105837
                                 ->  Nested Loop  (cost=1895.14..101716.11 rows=900000 width=38) (actual time=11.387..6401.497 rows=899362 loops=1)
                                       Buffers: shared hit=423362 read=105837
                                       ->  Nested Loop  (cost=0.14..13.95 rows=5 width=30) (actual time=0.039..0.094 rows=5 loops=1)
                                             Join Filter: (nation.n_regionkey = region.r_regionkey)
                                             Rows Removed by Join Filter: 20
                                             Buffers: shared hit=3
                                             ->  Index Scan using pk_nation on nation  (cost=0.14..12.51 rows=25 width=34) (actual time=0.010..0.028 rows=25 loops=1)
                                                   Buffers: shared hit=2
                                             ->  Materialize  (cost=0.00..1.07 rows=1 width=4) (actual time=0.001..0.001 rows=1 loops=25)
                                                   Buffers: shared hit=1
                                                   ->  Seq Scan on region  (cost=0.00..1.06 rows=1 width=4) (actual time=0.009..0.010 rows=1 loops=1)
                                                         Filter: (r_name = 'ASIA'::bpchar)
                                                         Rows Removed by Filter: 4
                                                         Buffers: shared hit=1
                                       ->  Bitmap Heap Scan on customer  (cost=1895.00..18540.43 rows=180000 width=8) (actual time=11.255..1247.965 rows=179872 loops=5)
                                             Recheck Cond: (c_nationkey = nation.n_nationkey)
                                             Rows Removed by Index Recheck: 4320128
                                             Heap Blocks: lossy=529180
                                             Buffers: shared hit=423359 read=105837
                                             ->  Bitmap Index Scan on customer_c_nationkey_c_custkey_brin_idx  (cost=0.00..1850.00 rows=180000 width=0) (actual time=11.185..11.185 rows=1058560 loops=5)
                                                   Index Cond: (c_nationkey = nation.n_nationkey)
                                                   Buffers: shared hit=13 read=3
                     ->  Index Scan using pk_lineitem on lineitem  (cost=0.57..3.58 rows=42 width=16) (actual time=0.015..0.017 rows=4 loops=1363213)
                           Index Cond: (l_orderkey = orders.o_orderkey)
                           Buffers: shared hit=5363300 read=1550108 written=1052
               ->  Hash  (cost=9539.00..9539.00 rows=300000 width=8) (actual time=220.321..220.321 rows=300000 loops=1)
                     Buckets: 524288  Batches: 1  Memory Usage: 15815kB
                     Buffers: shared hit=4073 read=2466
                     ->  Seq Scan on supplier  (cost=0.00..9539.00 rows=300000 width=8) (actual time=0.007..126.578 rows=300000 loops=1)
                           Buffers: shared hit=4073 read=2466
 Planning time: 6.850 ms
 Execution time: 56070.456 ms
(60 rows)

COMMIT;
COMMIT
