BEGIN;
BEGIN
EXPLAIN (ANALYZE, BUFFERS)
select
	l_shipmode,
	sum(case
		when o_orderpriority = '1-URGENT'
			or o_orderpriority = '2-HIGH'
			then 1
		else 0
	end) as high_line_count,
	sum(case
		when o_orderpriority <> '1-URGENT'
			and o_orderpriority <> '2-HIGH'
			then 1
		else 0
	end) as low_line_count
from
	orders,
	lineitem
where
	o_orderkey = l_orderkey
	and l_shipmode in ('SHIP', 'FOB')
	and l_commitdate < l_receiptdate
	and l_shipdate < l_commitdate
	and l_receiptdate >= date '1993-01-01'
	and l_receiptdate < date '1993-01-01' + interval '1 year'
group by
	l_shipmode
order by
	l_shipmode;
                                                                                                                              QUERY PLAN                                                                                                                               
-----------------------------------------------------------------------------------------------------------------------------------------------------------------------------------------------------------------------------------------------------------------------
 Sort  (cost=9450802.45..9450802.45 rows=1 width=27) (actual time=93994.434..93994.434 rows=2 loops=1)
   Sort Key: lineitem.l_shipmode
   Sort Method: quicksort  Memory: 25kB
   Buffers: shared hit=1505274 read=2719257 dirtied=3291 written=919
   ->  HashAggregate  (cost=9450802.43..9450802.44 rows=1 width=27) (actual time=93994.398..93994.398 rows=2 loops=1)
         Group Key: lineitem.l_shipmode
         Buffers: shared hit=1505269 read=2719257 dirtied=3291 written=919
         ->  Merge Join  (cost=7368954.55..9435578.79 rows=869922 width=27) (actual time=72757.019..93136.830 rows=935893 loops=1)
               Merge Cond: (orders.o_orderkey = lineitem.l_orderkey)
               Buffers: shared hit=1505269 read=2719257 dirtied=3291 written=919
               ->  Index Scan using pk_orders on orders  (cost=0.56..1940524.83 rows=45225418 width=20) (actual time=0.008..15244.817 rows=45044921 loops=1)
                     Buffers: shared hit=440677 read=570929 dirtied=1868 written=97
               ->  Sort  (cost=7368941.59..7371116.40 rows=869922 width=15) (actual time=72756.974..72881.237 rows=935893 loops=1)
                     Sort Key: lineitem.l_orderkey
                     Sort Method: quicksort  Memory: 68446kB
                     Buffers: shared hit=1064592 read=2148328 dirtied=1423 written=822
                     ->  Seq Scan on lineitem  (cost=0.00..7283121.49 rows=869922 width=15) (actual time=0.099..72161.507 rows=935893 loops=1)
                           Filter: ((l_shipmode = ANY ('{SHIP,FOB}'::bpchar[])) AND (l_commitdate < l_receiptdate) AND (l_shipdate < l_commitdate) AND (l_receiptdate >= '1993-01-01'::date) AND (l_receiptdate < '1994-01-01 00:00:00'::timestamp without time zone))
                           Rows Removed by Filter: 179242410
                           Buffers: shared hit=1064588 read=2148328 dirtied=1423 written=822
 Planning time: 2.616 ms
 Execution time: 93998.474 ms
(22 rows)

COMMIT;
COMMIT
