BEGIN;
BEGIN
EXPLAIN (ANALYZE, BUFFERS)
select
	l_orderkey,
	sum(l_extendedprice * (1 - l_discount)) as revenue,
	o_orderdate,
	o_shippriority
from
	customer,
	orders,
	lineitem
where
	c_mktsegment = 'HOUSEHOLD'
	and c_custkey = o_custkey
	and l_orderkey = o_orderkey
	and o_orderdate < date '1995-03-07'
	and l_shipdate > date '1995-03-07'
group by
	l_orderkey,
	o_orderdate,
	o_shippriority
order by
	revenue desc,
	o_orderdate
LIMIT 10;
                                                                                               QUERY PLAN                                                                                               
--------------------------------------------------------------------------------------------------------------------------------------------------------------------------------------------------------
 Limit  (cost=8062242.82..8062242.84 rows=10 width=20) (actual time=109286.716..109286.720 rows=10 loops=1)
   Buffers: shared hit=345655 read=3764139 written=269
   ->  Sort  (cost=8062242.82..8086242.42 rows=9599840 width=20) (actual time=109286.713..109286.715 rows=10 loops=1)
         Sort Key: (sum((lineitem.l_extendedprice * (1::double precision - lineitem.l_discount)))), orders.o_orderdate
         Sort Method: top-N heapsort  Memory: 25kB
         Buffers: shared hit=345655 read=3764139 written=269
         ->  HashAggregate  (cost=7758795.33..7854793.73 rows=9599840 width=20) (actual time=109067.321..109223.711 rows=340165 loops=1)
               Group Key: lineitem.l_orderkey, orders.o_orderdate, orders.o_shippriority
               Buffers: shared hit=345649 read=3764139 written=269
               ->  Hash Join  (cost=2311269.71..7614797.73 rows=9599840 width=20) (actual time=28256.740..108234.689 rows=899360 loops=1)
                     Hash Cond: (lineitem.l_orderkey = orders.o_orderkey)
                     Buffers: shared hit=345649 read=3764139 written=269
                     ->  Bitmap Heap Scan on lineitem  (cost=765890.96..5232646.10 rows=98769931 width=12) (actual time=388.026..64623.294 rows=97636868 loops=1)
                           Recheck Cond: (l_shipdate > '1995-03-07'::date)
                           Rows Removed by Index Recheck: 82363629
                           Heap Blocks: lossy=3232131
                           Buffers: shared hit=226440 read=3005832 written=122
                           ->  Bitmap Index Scan on lineitem_l_shipdate_l_suppkey_brin_idx  (cost=0.00..741198.48 rows=98769931 width=0) (actual time=385.456..385.456 rows=32322560 loops=1)
                                 Index Cond: (l_shipdate > '1995-03-07'::date)
                                 Buffers: shared hit=37 read=104
                     ->  Hash  (cost=1490105.39..1490105.39 rows=4421868 width=12) (actual time=27845.354..27845.354 rows=4342174 loops=1)
                           Buckets: 8388608  Batches: 1  Memory Usage: 252114kB
                           Buffers: shared hit=119209 read=758307 written=147
                           ->  Hash Join  (cost=320048.14..1490105.39 rows=4421868 width=12) (actual time=2049.155..26305.616 rows=4342174 loops=1)
                                 Hash Cond: (orders.o_custkey = customer.c_custkey)
                                 Buffers: shared hit=119209 read=758307 written=147
                                 ->  Bitmap Heap Scan on orders  (cost=170673.61..1213980.44 rows=22008466 width=16) (actual time=85.568..16041.529 rows=21714420 loops=1)
                                       Recheck Cond: (o_orderdate < '1995-03-07'::date)
                                       Rows Removed by Index Recheck: 23285580
                                       Heap Blocks: lossy=768201
                                       Buffers: shared hit=119207 read=649028 written=31
                                       ->  Bitmap Index Scan on orders_o_orderdate_o_orderkey_brin_idx  (cost=0.00..165171.50 rows=22008466 width=0) (actual time=85.027..85.027 rows=7682560 loops=1)
                                             Index Cond: (o_orderdate < '1995-03-07'::date)
                                             Buffers: shared hit=9 read=25
                                 ->  Hash  (cost=138072.96..138072.96 rows=904125 width=4) (actual time=1960.178..1960.178 rows=900602 loops=1)
                                       Buckets: 1048576  Batches: 1  Memory Usage: 39854kB
                                       Buffers: shared hit=2 read=109279 written=116
                                       ->  Bitmap Heap Scan on customer  (cost=20935.40..138072.96 rows=904125 width=4) (actual time=239.623..1686.924 rows=900602 loops=1)
                                             Recheck Cond: (c_mktsegment = 'HOUSEHOLD'::bpchar)
                                             Heap Blocks: exact=105827
                                             Buffers: shared hit=2 read=109279 written=116
                                             ->  Bitmap Index Scan on customer_c_mktsegment_c_custkey_idx  (cost=0.00..20709.37 rows=904125 width=0) (actual time=206.429..206.429 rows=900602 loops=1)
                                                   Index Cond: (c_mktsegment = 'HOUSEHOLD'::bpchar)
                                                   Buffers: shared read=3454
 Planning time: 4.574 ms
 Execution time: 109337.046 ms
(46 rows)

COMMIT;
COMMIT
