BEGIN;
BEGIN
EXPLAIN (ANALYZE, BUFFERS)
select
	o_year,
	sum(case
		when nation = 'KENYA' then volume
		else 0
	end) / sum(volume) as mkt_share
from
	(
		select
			extract(year from o_orderdate) as o_year,
			l_extendedprice * (1 - l_discount) as volume,
			n2.n_name as nation
		from
			part,
			supplier,
			lineitem,
			orders,
			customer,
			nation n1,
			nation n2,
			region
		where
			p_partkey = l_partkey
			and s_suppkey = l_suppkey
			and l_orderkey = o_orderkey
			and o_custkey = c_custkey
			and c_nationkey = n1.n_nationkey
			and n1.n_regionkey = r_regionkey
			and r_name = 'AFRICA'
			and s_nationkey = n2.n_nationkey
			and o_orderdate between date '1995-01-01' and date '1996-12-31'
			and p_type = 'STANDARD BURNISHED NICKEL'
	) as all_nations
group by
	o_year
order by
	o_year;
                                                                                                QUERY PLAN                                                                                                
----------------------------------------------------------------------------------------------------------------------------------------------------------------------------------------------------------
 Sort  (cost=5534645.94..5534647.78 rows=733 width=38) (actual time=49692.767..49692.768 rows=2 loops=1)
   Sort Key: (date_part('year'::text, (orders.o_orderdate)::timestamp without time zone))
   Sort Method: quicksort  Memory: 25kB
   Buffers: shared hit=6196896 read=2073494 dirtied=8910 written=1962
   ->  HashAggregate  (cost=5534598.24..5534611.06 rows=733 width=38) (actual time=49692.725..49692.726 rows=2 loops=1)
         Group Key: date_part('year'::text, (orders.o_orderdate)::timestamp without time zone)
         Buffers: shared hit=6196893 read=2073494 dirtied=8910 written=1962
         ->  Hash Join  (cost=114240.09..5533064.62 rows=76681 width=38) (actual time=6737.666..49569.612 rows=73291 loops=1)
               Hash Cond: (supplier.s_nationkey = n2.n_nationkey)
               Buffers: shared hit=6196893 read=2073494 dirtied=8910 written=1962
               ->  Nested Loop  (cost=114238.52..5531625.28 rows=76681 width=16) (actual time=6737.624..49445.628 rows=73291 loops=1)
                     Buffers: shared hit=6196889 read=2073494 dirtied=8910 written=1962
                     ->  Hash Join  (cost=114238.10..5496914.72 rows=76681 width=16) (actual time=6737.609..48902.977 rows=73291 loops=1)
                           Hash Cond: (orders.o_custkey = customer.c_custkey)
                           Buffers: shared hit=5903381 read=2073441 dirtied=8910 written=1962
                           ->  Nested Loop  (cost=1283.47..5381755.51 rows=383405 width=20) (actual time=24.348..41941.299 rows=365787 loops=1)
                                 Buffers: shared hit=5480021 read=1967603 dirtied=8910 written=1962
                                 ->  Nested Loop  (cost=1282.91..4601420.46 rows=1259301 width=16) (actual time=24.024..17788.738 rows=1205315 loops=1)
                                       Buffers: shared hit=356096 read=1058525 dirtied=8910 written=1013
                                       ->  Bitmap Heap Scan on part  (cost=1282.34..86193.45 rows=41520 width=4) (actual time=23.966..447.519 rows=40181 loops=1)
                                             Recheck Cond: ((p_type)::text = 'STANDARD BURNISHED NICKEL'::text)
                                             Heap Blocks: exact=34256
                                             Buffers: shared hit=1 read=34502 written=41
                                             ->  Bitmap Index Scan on part_p_type_p_partkey_idx  (cost=0.00..1271.96 rows=41520 width=0) (actual time=15.599..15.599 rows=40181 loops=1)
                                                   Index Cond: ((p_type)::text = 'STANDARD BURNISHED NICKEL'::text)
                                                   Buffers: shared read=247
                                       ->  Index Scan using lineitem_l_partkey_l_quantity_idx on lineitem  (cost=0.57..108.44 rows=31 width=20) (actual time=0.028..0.420 rows=30 loops=40181)
                                             Index Cond: (l_partkey = part.p_partkey)
                                             Buffers: shared hit=356095 read=1024023 dirtied=8910 written=972
                                 ->  Index Scan using pk_orders on orders  (cost=0.56..0.61 rows=1 width=12) (actual time=0.019..0.019 rows=0 loops=1205315)
                                       Index Cond: (o_orderkey = lineitem.l_orderkey)
                                       Filter: ((o_orderdate >= '1995-01-01'::date) AND (o_orderdate <= '1996-12-31'::date))
                                       Rows Removed by Filter: 1
                                       Buffers: shared hit=5123925 read=909078 written=949
                           ->  Hash  (cost=101704.63..101704.63 rows=900000 width=4) (actual time=6709.377..6709.377 rows=899395 loops=1)
                                 Buckets: 1048576  Batches: 1  Memory Usage: 39812kB
                                 Buffers: shared hit=423360 read=105838
                                 ->  Nested Loop  (cost=1896.08..101704.63 rows=900000 width=4) (actual time=11.456..6429.862 rows=899395 loops=1)
                                       Buffers: shared hit=423360 read=105838
                                       ->  Hash Join  (cost=1.07..2.47 rows=5 width=4) (actual time=0.045..0.071 rows=5 loops=1)
                                             Hash Cond: (n1.n_regionkey = region.r_regionkey)
                                             Buffers: shared hit=2
                                             ->  Seq Scan on nation n1  (cost=0.00..1.25 rows=25 width=8) (actual time=0.006..0.012 rows=25 loops=1)
                                                   Buffers: shared hit=1
                                             ->  Hash  (cost=1.06..1.06 rows=1 width=4) (actual time=0.014..0.014 rows=1 loops=1)
                                                   Buckets: 1024  Batches: 1  Memory Usage: 9kB
                                                   Buffers: shared hit=1
                                                   ->  Seq Scan on region  (cost=0.00..1.06 rows=1 width=4) (actual time=0.009..0.011 rows=1 loops=1)
                                                         Filter: (r_name = 'AFRICA'::bpchar)
                                                         Rows Removed by Filter: 4
                                                         Buffers: shared hit=1
                                       ->  Bitmap Heap Scan on customer  (cost=1895.00..18540.43 rows=180000 width=8) (actual time=11.296..1255.863 rows=179879 loops=5)
                                             Recheck Cond: (c_nationkey = n1.n_nationkey)
                                             Rows Removed by Index Recheck: 4320121
                                             Heap Blocks: lossy=529180
                                             Buffers: shared hit=423358 read=105838
                                             ->  Bitmap Index Scan on customer_c_nationkey_c_custkey_brin_idx  (cost=0.00..1850.00 rows=180000 width=0) (actual time=11.219..11.219 rows=1058560 loops=5)
                                                   Index Cond: (c_nationkey = n1.n_nationkey)
                                                   Buffers: shared hit=12 read=4
                     ->  Index Scan using pk_supplier on supplier  (cost=0.42..0.44 rows=1 width=8) (actual time=0.006..0.006 rows=1 loops=73291)
                           Index Cond: (s_suppkey = lineitem.l_suppkey)
                           Buffers: shared hit=293508 read=53
               ->  Hash  (cost=1.25..1.25 rows=25 width=30) (actual time=0.017..0.017 rows=25 loops=1)
                     Buckets: 1024  Batches: 1  Memory Usage: 10kB
                     Buffers: shared hit=1
                     ->  Seq Scan on nation n2  (cost=0.00..1.25 rows=25 width=30) (actual time=0.003..0.005 rows=25 loops=1)
                           Buffers: shared hit=1
 Planning time: 7.811 ms
 Execution time: 49693.717 ms
(69 rows)

COMMIT;
COMMIT
