BEGIN;
BEGIN
EXPLAIN (ANALYZE, BUFFERS)
select
	l_shipmode,
	sum(case
		when o_orderpriority = '1-URGENT'
			or o_orderpriority = '2-HIGH'
			then 1
		else 0
	end) as high_line_count,
	sum(case
		when o_orderpriority <> '1-URGENT'
			and o_orderpriority <> '2-HIGH'
			then 1
		else 0
	end) as low_line_count
from
	orders,
	lineitem
where
	o_orderkey = l_orderkey
	and l_shipmode in ('REG AIR', 'SHIP')
	and l_commitdate < l_receiptdate
	and l_shipdate < l_commitdate
	and l_receiptdate >= date '1994-01-01'
	and l_receiptdate < date '1994-01-01' + interval '1 year'
group by
	l_shipmode
order by
	l_shipmode;
                                                                                                                                 QUERY PLAN                                                                                                                                  
-----------------------------------------------------------------------------------------------------------------------------------------------------------------------------------------------------------------------------------------------------------------------------
 Sort  (cost=9509500.30..9509500.31 rows=1 width=27) (actual time=94975.275..94975.275 rows=2 loops=1)
   Sort Key: lineitem.l_shipmode
   Sort Method: quicksort  Memory: 25kB
   Buffers: shared hit=1000433 read=3208955 dirtied=7512 written=60
   ->  HashAggregate  (cost=9509500.28..9509500.29 rows=1 width=27) (actual time=94975.238..94975.238 rows=2 loops=1)
         Group Key: lineitem.l_shipmode
         Buffers: shared hit=1000428 read=3208955 dirtied=7512 written=60
         ->  Merge Join  (cost=7412457.32..9494285.64 rows=869408 width=27) (actual time=73075.366..94099.758 rows=935236 loops=1)
               Merge Cond: (orders.o_orderkey = lineitem.l_orderkey)
               Buffers: shared hit=1000428 read=3208955 dirtied=7512 written=60
               ->  Index Scan using pk_orders on orders  (cost=0.56..1955062.03 rows=45495298 width=20) (actual time=0.007..15861.070 rows=44999993 loops=1)
                     Buffers: shared hit=369542 read=607706 dirtied=1107 written=60
               ->  Sort  (cost=7412444.25..7414617.77 rows=869408 width=15) (actual time=73075.293..73208.239 rows=935236 loops=1)
                     Sort Key: lineitem.l_orderkey
                     Sort Method: quicksort  Memory: 68416kB
                     Buffers: shared hit=630886 read=2601249 dirtied=6405
                     ->  Seq Scan on lineitem  (cost=0.00..7326678.57 rows=869408 width=15) (actual time=0.117..72430.692 rows=935236 loops=1)
                           Filter: ((l_shipmode = ANY ('{"REG AIR",SHIP}'::bpchar[])) AND (l_commitdate < l_receiptdate) AND (l_shipdate < l_commitdate) AND (l_receiptdate >= '1994-01-01'::date) AND (l_receiptdate < '1995-01-01 00:00:00'::timestamp without time zone))
                           Rows Removed by Filter: 179065261
                           Buffers: shared hit=630882 read=2601249 dirtied=6405
 Planning time: 2.544 ms
 Execution time: 94980.118 ms
(22 rows)

COMMIT;
COMMIT
