BEGIN;
BEGIN
EXPLAIN (ANALYZE, BUFFERS)
select
	n_name,
	sum(l_extendedprice * (1 - l_discount)) as revenue
from
	customer,
	orders,
	lineitem,
	supplier,
	nation,
	region
where
	c_custkey = o_custkey
	and l_orderkey = o_orderkey
	and l_suppkey = s_suppkey
	and c_nationkey = s_nationkey
	and s_nationkey = n_nationkey
	and n_regionkey = r_regionkey
	and r_name = 'MIDDLE EAST'
	and o_orderdate >= date '1993-01-01'
	and o_orderdate < date '1993-01-01' + interval '1 year'
group by
	n_name
order by
	revenue desc;
                                                                                                QUERY PLAN                                                                                                
----------------------------------------------------------------------------------------------------------------------------------------------------------------------------------------------------------
 Sort  (cost=7188560.53..7188560.60 rows=25 width=34) (actual time=49066.503..49066.504 rows=5 loops=1)
   Sort Key: (sum((lineitem.l_extendedprice * (1::double precision - lineitem.l_discount))))
   Sort Method: quicksort  Memory: 25kB
   Buffers: shared hit=6218067 read=2015632
   ->  HashAggregate  (cost=7188559.70..7188559.95 rows=25 width=34) (actual time=49066.461..49066.462 rows=5 loops=1)
         Group Key: nation.n_name
         Buffers: shared hit=6218064 read=2015632
         ->  Hash Join  (cost=127005.68..7186341.98 rows=221772 width=34) (actual time=6459.964..48802.033 rows=218234 loops=1)
               Hash Cond: ((lineitem.l_suppkey = supplier.s_suppkey) AND (customer.c_nationkey = supplier.s_nationkey))
               Buffers: shared hit=6218064 read=2015632
               ->  Nested Loop  (cost=112966.68..7128503.26 rows=5544267 width=46) (actual time=6266.958..46643.744 rows=5463759 loops=1)
                     Buffers: shared hit=6211558 read=2015596
                     ->  Hash Join  (cost=112966.11..1603446.29 rows=1386077 width=38) (actual time=6266.857..23310.895 rows=1366460 loops=1)
                           Hash Cond: (orders.o_custkey = customer.c_custkey)
                           Buffers: shared hit=780166 read=517234
                           ->  Seq Scan on orders  (cost=0.00..1450630.47 rows=6930383 width=8) (actual time=0.033..13869.512 rows=6825168 loops=1)
                                 Filter: ((o_orderdate >= '1993-01-01'::date) AND (o_orderdate < '1994-01-01 00:00:00'::timestamp without time zone))
                                 Rows Removed by Filter: 38174832
                                 Buffers: shared hit=250967 read=517234
                           ->  Hash  (cost=101716.11..101716.11 rows=900000 width=38) (actual time=6263.422..6263.422 rows=899828 loops=1)
                                 Buckets: 1048576  Batches: 1  Memory Usage: 71462kB
                                 Buffers: shared hit=529199
                                 ->  Nested Loop  (cost=1895.14..101716.11 rows=900000 width=38) (actual time=11.310..5946.093 rows=899828 loops=1)
                                       Buffers: shared hit=529199
                                       ->  Nested Loop  (cost=0.14..13.95 rows=5 width=30) (actual time=0.035..0.090 rows=5 loops=1)
                                             Join Filter: (nation.n_regionkey = region.r_regionkey)
                                             Rows Removed by Join Filter: 20
                                             Buffers: shared hit=3
                                             ->  Index Scan using pk_nation on nation  (cost=0.14..12.51 rows=25 width=34) (actual time=0.009..0.035 rows=25 loops=1)
                                                   Buffers: shared hit=2
                                             ->  Materialize  (cost=0.00..1.07 rows=1 width=4) (actual time=0.001..0.001 rows=1 loops=25)
                                                   Buffers: shared hit=1
                                                   ->  Seq Scan on region  (cost=0.00..1.06 rows=1 width=4) (actual time=0.008..0.008 rows=1 loops=1)
                                                         Filter: (r_name = 'MIDDLE EAST'::bpchar)
                                                         Rows Removed by Filter: 4
                                                         Buffers: shared hit=1
                                       ->  Bitmap Heap Scan on customer  (cost=1895.00..18540.43 rows=180000 width=8) (actual time=11.230..1159.683 rows=179966 loops=5)
                                             Recheck Cond: (c_nationkey = nation.n_nationkey)
                                             Rows Removed by Index Recheck: 4320034
                                             Heap Blocks: lossy=529180
                                             Buffers: shared hit=529196
                                             ->  Bitmap Index Scan on customer_c_nationkey_c_custkey_brin_idx  (cost=0.00..1850.00 rows=180000 width=0) (actual time=11.163..11.163 rows=1058560 loops=5)
                                                   Index Cond: (c_nationkey = nation.n_nationkey)
                                                   Buffers: shared hit=16
                     ->  Index Scan using pk_lineitem on lineitem  (cost=0.57..3.57 rows=42 width=16) (actual time=0.014..0.015 rows=4 loops=1366460)
                           Index Cond: (l_orderkey = orders.o_orderkey)
                           Buffers: shared hit=5431392 read=1498362
               ->  Hash  (cost=9539.00..9539.00 rows=300000 width=8) (actual time=190.773..190.773 rows=300000 loops=1)
                     Buckets: 524288  Batches: 1  Memory Usage: 15815kB
                     Buffers: shared hit=6503 read=36
                     ->  Seq Scan on supplier  (cost=0.00..9539.00 rows=300000 width=8) (actual time=0.007..106.990 rows=300000 loops=1)
                           Buffers: shared hit=6503 read=36
 Planning time: 6.162 ms
 Execution time: 49067.441 ms
(54 rows)

COMMIT;
COMMIT
