BEGIN;
BEGIN
EXPLAIN
select
	l_shipmode,
	sum(case
		when o_orderpriority = '1-URGENT'
			or o_orderpriority = '2-HIGH'
			then 1
		else 0
	end) as high_line_count,
	sum(case
		when o_orderpriority <> '1-URGENT'
			and o_orderpriority <> '2-HIGH'
			then 1
		else 0
	end) as low_line_count
from
	orders,
	lineitem
where
	o_orderkey = l_orderkey
	and l_shipmode in ('TRUCK', 'MAIL')
	and l_commitdate < l_receiptdate
	and l_shipdate < l_commitdate
	and l_receiptdate >= date '1997-01-01'
	and l_receiptdate < date '1997-01-01' + interval '1 year'
group by
	l_shipmode
order by
	l_shipmode;
                                                                                                                               QUERY PLAN                                                                                                                                
-------------------------------------------------------------------------------------------------------------------------------------------------------------------------------------------------------------------------------------------------------------------------
 Sort  (cost=9412573.49..9412573.49 rows=1 width=27)
   Sort Key: lineitem.l_shipmode
   ->  HashAggregate  (cost=9412573.47..9412573.48 rows=1 width=27)
         Group Key: lineitem.l_shipmode
         ->  Merge Join  (cost=7340665.25..9397237.33 rows=876351 width=27)
               Merge Cond: (orders.o_orderkey = lineitem.l_orderkey)
               ->  Index Scan using pk_orders on orders  (cost=0.56..1930826.13 rows=45045438 width=20)
               ->  Sort  (cost=7340652.34..7342843.22 rows=876351 width=15)
                     Sort Key: lineitem.l_orderkey
                     ->  Seq Scan on lineitem  (cost=0.00..7254151.46 rows=876351 width=15)
                           Filter: ((l_shipmode = ANY ('{TRUCK,MAIL}'::bpchar[])) AND (l_commitdate < l_receiptdate) AND (l_shipdate < l_commitdate) AND (l_receiptdate >= '1997-01-01'::date) AND (l_receiptdate < '1998-01-01 00:00:00'::timestamp without time zone))
 Planning time: 2.059 ms
(12 rows)

COMMIT;
COMMIT
