BEGIN;
BEGIN
EXPLAIN (ANALYZE, BUFFERS)
select
	c_custkey,
	c_name,
	sum(l_extendedprice * (1 - l_discount)) as revenue,
	c_acctbal,
	n_name,
	c_address,
	c_phone,
	c_comment
from
	customer,
	orders,
	lineitem,
	nation
where
	c_custkey = o_custkey
	and l_orderkey = o_orderkey
	and o_orderdate >= date '1994-04-01'
	and o_orderdate < cast(date '1994-04-01' + interval '3 month' as date)
	and l_returnflag = 'R'
	and c_nationkey = n_nationkey
group by
	c_custkey,
	c_name,
	c_acctbal,
	c_phone,
	n_name,
	c_address,
	c_comment
order by
	revenue desc
LIMIT 20;
                                                                                                QUERY PLAN                                                                                                 
-----------------------------------------------------------------------------------------------------------------------------------------------------------------------------------------------------------
 Limit  (cost=6945361.44..6945361.49 rows=20 width=176) (actual time=98805.531..98805.539 rows=20 loops=1)
   Buffers: shared hit=730719 read=3375487 dirtied=6362 written=488
   ->  Sort  (cost=6945361.44..6949593.84 rows=1692961 width=176) (actual time=98805.528..98805.532 rows=20 loops=1)
         Sort Key: (sum((lineitem.l_extendedprice * (1::double precision - lineitem.l_discount))))
         Sort Method: top-N heapsort  Memory: 30kB
         Buffers: shared hit=730719 read=3375487 dirtied=6362 written=488
         ->  HashAggregate  (cost=6883382.74..6900312.35 rows=1692961 width=176) (actual time=97674.321..98390.838 rows=1141341 loops=1)
               Group Key: customer.c_custkey, customer.c_name, customer.c_acctbal, customer.c_phone, nation.n_name, customer.c_address, customer.c_comment
               Buffers: shared hit=730716 read=3375487 dirtied=6362 written=488
               ->  Hash Join  (cost=1040278.66..6841058.72 rows=1692961 width=176) (actual time=23128.273..91568.470 rows=3414420 loops=1)
                     Hash Cond: (customer.c_nationkey = nation.n_nationkey)
                     Buffers: shared hit=730716 read=3375487 dirtied=6362 written=488
                     ->  Hash Join  (cost=1040277.09..6817778.94 rows=1692961 width=154) (actual time=23128.238..90317.279 rows=3414420 loops=1)
                           Hash Cond: (orders.o_custkey = customer.c_custkey)
                           Buffers: shared hit=730715 read=3375487 dirtied=6362 written=488
                           ->  Hash Join  (cost=833191.09..6581066.12 rows=1692961 width=12) (actual time=18976.636..83801.690 rows=3414420 loops=1)
                                 Hash Cond: (lineitem.l_orderkey = orders.o_orderkey)
                                 Buffers: shared hit=624879 read=3375487 dirtied=6362 written=488
                                 ->  Seq Scan on lineitem  (cost=0.00..5506879.65 rows=44813154 width=12) (actual time=0.045..53242.298 rows=44463463 loops=1)
                                       Filter: (l_returnflag = 'R'::bpchar)
                                       Rows Removed by Filter: 135716573
                                       Buffers: shared hit=418737 read=2813394 dirtied=4842
                                 ->  Hash  (cost=811706.96..811706.96 rows=1718731 width=8) (actual time=18967.733..18967.733 rows=1705814 loops=1)
                                       Buckets: 2097152  Batches: 1  Memory Usage: 83018kB
                                       Buffers: shared hit=206142 read=562093 dirtied=1520 written=488
                                       ->  Bitmap Heap Scan on orders  (cost=17724.99..811706.96 rows=1718731 width=8) (actual time=85.553..18246.219 rows=1705814 loops=1)
                                             Recheck Cond: ((o_orderdate >= '1994-04-01'::date) AND (o_orderdate < '1994-07-01'::date))
                                             Rows Removed by Index Recheck: 43339186
                                             Heap Blocks: lossy=768201
                                             Buffers: shared hit=206142 read=562093 dirtied=1520 written=488
                                             ->  Bitmap Index Scan on orders_o_orderdate_o_orderkey_brin_idx  (cost=0.00..17295.31 rows=1718731 width=0) (actual time=85.015..85.015 rows=7682560 loops=1)
                                                   Index Cond: ((o_orderdate >= '1994-04-01'::date) AND (o_orderdate < '1994-07-01'::date))
                                                   Buffers: shared hit=8 read=26
                           ->  Hash  (cost=150836.00..150836.00 rows=4500000 width=146) (actual time=4116.783..4116.783 rows=4500000 loops=1)
                                 Buckets: 8388608  Batches: 1  Memory Usage: 860930kB
                                 Buffers: shared hit=105836
                                 ->  Seq Scan on customer  (cost=0.00..150836.00 rows=4500000 width=146) (actual time=0.010..1581.757 rows=4500000 loops=1)
                                       Buffers: shared hit=105836
                     ->  Hash  (cost=1.25..1.25 rows=25 width=30) (actual time=0.023..0.023 rows=25 loops=1)
                           Buckets: 1024  Batches: 1  Memory Usage: 10kB
                           Buffers: shared hit=1
                           ->  Seq Scan on nation  (cost=0.00..1.25 rows=25 width=30) (actual time=0.006..0.012 rows=25 loops=1)
                                 Buffers: shared hit=1
 Planning time: 4.164 ms
 Execution time: 98828.655 ms
(45 rows)

COMMIT;
COMMIT
