BEGIN;
BEGIN
EXPLAIN (ANALYZE, BUFFERS)
select
	sum(l_extendedprice* (1 - l_discount)) as revenue
from
	lineitem,
	part
where
	(
		p_partkey = l_partkey
		and p_brand = 'Brand#31'
		and p_container in ('SM CASE', 'SM BOX', 'SM PACK', 'SM PKG')
		and l_quantity >= 5 and l_quantity <= 5+10
		and p_size between 1 and 5
		and l_shipmode in ('AIR', 'AIR REG')
		and l_shipinstruct = 'DELIVER IN PERSON'
	)
	or
	(
		p_partkey = l_partkey
		and p_brand = 'Brand#22'
		and p_container in ('MED BAG', 'MED BOX', 'MED PKG', 'MED PACK')
		and l_quantity >= 20 and l_quantity <= 20+10
		and p_size between 1 and 10
		and l_shipmode in ('AIR', 'AIR REG')
		and l_shipinstruct = 'DELIVER IN PERSON'
	)
	or
	(
		p_partkey = l_partkey
		and p_brand = 'Brand#51'
		and p_container in ('LG CASE', 'LG BOX', 'LG PACK', 'LG PKG')
		and l_quantity >= 21 and l_quantity <= 21+10
		and p_size between 1 and 15
		and l_shipmode in ('AIR', 'AIR REG')
		and l_shipinstruct = 'DELIVER IN PERSON'
	);
                                                                                                                                                                                                                                                                                                                                                                                                                                                                                                                                                  QUERY PLAN                                                                                                                                                                                                                                                                                                                                                                                                                                                                                                                                                  
--------------------------------------------------------------------------------------------------------------------------------------------------------------------------------------------------------------------------------------------------------------------------------------------------------------------------------------------------------------------------------------------------------------------------------------------------------------------------------------------------------------------------------------------------------------------------------------------------------------------------------------------------------------------------------------------------------------------------------------------------------------------------------------------------------------------------------------------------------------------------------------------------------------------------------------------------------------------------------------------------------------------------------------------------------------------------------------------------------------
 Aggregate  (cost=1853340.76..1853340.77 rows=1 width=8) (actual time=7992.320..7992.320 rows=1 loops=1)
   Buffers: shared hit=122744 read=424669 dirtied=372 written=188
   ->  Nested Loop  (cost=38467.46..1853314.82 rows=3459 width=8) (actual time=110.034..7989.046 rows=3403 loops=1)
         Buffers: shared hit=122744 read=424669 dirtied=372 written=188
         ->  Bitmap Heap Scan on part  (cost=38462.71..79907.21 rows=14430 width=30) (actual time=106.278..813.929 rows=14298 loops=1)
               Recheck Cond: (((p_container = ANY ('{"SM CASE","SM BOX","SM PACK","SM PKG"}'::bpchar[])) AND (p_brand = 'Brand#31'::bpchar) AND (p_size <= 5) AND (p_size >= 1)) OR ((p_container = ANY ('{"MED BAG","MED BOX","MED PKG","MED PACK"}'::bpchar[])) AND (p_brand = 'Brand#22'::bpchar) AND (p_size <= 10) AND (p_size >= 1)) OR ((p_container = ANY ('{"LG CASE","LG BOX","LG PACK","LG PKG"}'::bpchar[])) AND (p_brand = 'Brand#51'::bpchar) AND (p_size <= 15) AND (p_size >= 1)))
               Rows Removed by Index Recheck: 57810
               Heap Blocks: exact=54721
               Buffers: shared hit=33 read=55182 written=16
               ->  BitmapOr  (cost=38462.71..38462.71 rows=14440 width=0) (actual time=91.091..91.091 rows=0 loops=1)
                     Buffers: shared hit=33 read=461
                     ->  BitmapAnd  (cost=6851.18..6851.18 rows=2402 width=0) (actual time=25.954..25.954 rows=0 loops=1)
                           Buffers: shared hit=9 read=153
                           ->  Bitmap Index Scan on part_p_container_p_brand_p_partkey_idx  (cost=0.00..834.91 rows=24070 width=0) (actual time=10.536..10.536 rows=23754 loops=1)
                                 Index Cond: ((p_container = ANY ('{"SM CASE","SM BOX","SM PACK","SM PKG"}'::bpchar[])) AND (p_brand = 'Brand#31'::bpchar))
                                 Buffers: shared hit=8 read=150
                           ->  Bitmap Index Scan on part_p_size_brin_idx  (cost=0.00..6008.80 rows=598880 width=0) (actual time=12.936..12.936 rows=1216000 loops=1)
                                 Index Cond: ((p_size <= 5) AND (p_size >= 1))
                                 Buffers: shared hit=1 read=3
                     ->  BitmapAnd  (cost=12811.34..12811.34 rows=4757 width=0) (actual time=26.453..26.453 rows=0 loops=1)
                           Buffers: shared hit=12 read=153
                           ->  Bitmap Index Scan on part_p_container_p_brand_p_partkey_idx  (cost=0.00..833.07 rows=23885 width=0) (actual time=11.047..11.047 rows=24114 loops=1)
                                 Index Cond: ((p_container = ANY ('{"MED BAG","MED BOX","MED PKG","MED PACK"}'::bpchar[])) AND (p_brand = 'Brand#22'::bpchar))
                                 Buffers: shared hit=8 read=153
                           ->  Bitmap Index Scan on part_p_size_brin_idx  (cost=0.00..11970.80 rows=1195080 width=0) (actual time=12.878..12.878 rows=1216000 loops=1)
                                 Index Cond: ((p_size <= 10) AND (p_size >= 1))
                                 Buffers: shared hit=4
                     ->  BitmapAnd  (cost=18799.70..18799.70 rows=7280 width=0) (actual time=26.285..26.285 rows=0 loops=1)
                           Buffers: shared hit=12 read=155
                           ->  Bitmap Index Scan on part_p_container_p_brand_p_partkey_idx  (cost=0.00..854.03 rows=24379 width=0) (actual time=10.768..10.768 rows=24240 loops=1)
                                 Index Cond: ((p_container = ANY ('{"LG CASE","LG BOX","LG PACK","LG PKG"}'::bpchar[])) AND (p_brand = 'Brand#51'::bpchar))
                                 Buffers: shared hit=8 read=155
                           ->  Bitmap Index Scan on part_p_size_brin_idx  (cost=0.00..17938.20 rows=1791820 width=0) (actual time=12.967..12.967 rows=1216000 loops=1)
                                 Index Cond: ((p_size <= 15) AND (p_size >= 1))
                                 Buffers: shared hit=4
         ->  Bitmap Heap Scan on lineitem  (cost=4.75..122.89 rows=1 width=16) (actual time=0.446..0.496 rows=0 loops=14298)
               Recheck Cond: (l_partkey = part.p_partkey)
               Filter: ((l_shipmode = ANY ('{AIR,"AIR REG"}'::bpchar[])) AND (l_shipinstruct = 'DELIVER IN PERSON'::bpchar) AND (((l_quantity >= 5::double precision) AND (l_quantity <= 15::double precision)) OR ((l_quantity >= 20::double precision) AND (l_quantity <= 30::double precision)) OR ((l_quantity >= 21::double precision) AND (l_quantity <= 31::double precision))) AND (((part.p_brand = 'Brand#31'::bpchar) AND (part.p_container = ANY ('{"SM CASE","SM BOX","SM PACK","SM PKG"}'::bpchar[])) AND (l_quantity >= 5::double precision) AND (l_quantity <= 15::double precision) AND (part.p_size <= 5)) OR ((part.p_brand = 'Brand#22'::bpchar) AND (part.p_container = ANY ('{"MED BAG","MED BOX","MED PKG","MED PACK"}'::bpchar[])) AND (l_quantity >= 20::double precision) AND (l_quantity <= 30::double precision) AND (part.p_size <= 10)) OR ((part.p_brand = 'Brand#51'::bpchar) AND (part.p_container = ANY ('{"LG CASE","LG BOX","LG PACK","LG PKG"}'::bpchar[])) AND (l_quantity >= 21::double precision) AND (l_quantity <= 31::double precision) AND (part.p_size <= 15))))
               Rows Removed by Filter: 30
               Heap Blocks: exact=433772
               Buffers: shared hit=122711 read=369487 dirtied=372 written=172
               ->  Bitmap Index Scan on lineitem_l_partkey_l_quantity_idx  (cost=0.00..4.75 rows=31 width=0) (actual time=0.024..0.024 rows=30 loops=14298)
                     Index Cond: (l_partkey = part.p_partkey)
                     Buffers: shared hit=43216 read=15210 written=5
 Planning time: 4.063 ms
 Execution time: 7992.902 ms
(46 rows)

COMMIT;
COMMIT
