BEGIN;
BEGIN
EXPLAIN (ANALYZE, BUFFERS)
select
	s_name,
	count(*) as numwait
from
	supplier,
	lineitem l1,
	orders,
	nation
where
	s_suppkey = l1.l_suppkey
	and o_orderkey = l1.l_orderkey
	and o_orderstatus = 'F'
	and l1.l_receiptdate > l1.l_commitdate
	and exists (
		select
			*
		from
			lineitem l2
		where
			l2.l_orderkey = l1.l_orderkey
			and l2.l_suppkey <> l1.l_suppkey
	)
	and not exists (
		select
			*
		from
			lineitem l3
		where
			l3.l_orderkey = l1.l_orderkey
			and l3.l_suppkey <> l1.l_suppkey
			and l3.l_receiptdate > l3.l_commitdate
	)
	and s_nationkey = n_nationkey
	and n_name = 'FRANCE'
group by
	s_name
order by
	numwait desc,
	s_name
LIMIT 100;
                                                                                                   QUERY PLAN                                                                                                   
----------------------------------------------------------------------------------------------------------------------------------------------------------------------------------------------------------------
 Limit  (cost=9927488.24..9927488.24 rows=1 width=26) (actual time=131777.735..131777.753 rows=100 loops=1)
   Buffers: shared hit=45497259 read=2013397 dirtied=1684 written=4184
   ->  Sort  (cost=9927488.24..9927488.24 rows=1 width=26) (actual time=131777.733..131777.740 rows=100 loops=1)
         Sort Key: (count(*)), supplier.s_name
         Sort Method: top-N heapsort  Memory: 32kB
         Buffers: shared hit=45497259 read=2013397 dirtied=1684 written=4184
         ->  HashAggregate  (cost=9927488.22..9927488.23 rows=1 width=26) (actual time=131771.493..131775.029 rows=11968 loops=1)
               Group Key: supplier.s_name
               Buffers: shared hit=45497251 read=2013397 dirtied=1684 written=4184
               ->  Nested Loop Anti Join  (cost=7193.83..9927488.21 rows=1 width=26) (actual time=175.107..131586.923 rows=118709 loops=1)
                     Buffers: shared hit=45497251 read=2013397 dirtied=1684 written=4184
                     ->  Nested Loop Semi Join  (cost=7193.26..9927485.17 rows=1 width=34) (actual time=173.935..122863.479 rows=2113175 loops=1)
                           Join Filter: (orders.o_orderkey = l2.l_orderkey)
                           Buffers: shared hit=34891280 read=2008398 dirtied=1684 written=4167
                           ->  Nested Loop  (cost=7192.69..7285706.14 rows=1173570 width=38) (actual time=173.918..108844.398 rows=2193364 loops=1)
                                 Buffers: shared hit=24110267 read=1805911 dirtied=1684 written=3277
                                 ->  Hash Join  (cost=7192.13..5708805.82 rows=2402380 width=34) (actual time=173.876..80302.593 rows=4536981 loops=1)
                                       Hash Cond: (l1.l_suppkey = supplier.s_suppkey)
                                       Buffers: shared hit=1741872 read=1464809 dirtied=1684 written=1056
                                       ->  Seq Scan on lineitem l1  (cost=0.00..5452366.81 rows=60059488 width=8) (actual time=0.004..56649.187 rows=113798479 loops=1)
                                             Filter: (l_receiptdate > l_commitdate)
                                             Rows Removed by Filter: 66200947
                                             Buffers: shared hit=1738390 read=1461746 dirtied=1684 written=1056
                                       ->  Hash  (cost=7042.13..7042.13 rows=12000 width=30) (actual time=173.733..173.733 rows=11969 loops=1)
                                             Buckets: 16384  Batches: 1  Memory Usage: 877kB
                                             Buffers: shared hit=3479 read=3063
                                             ->  Nested Loop  (cost=105.00..7042.13 rows=12000 width=30) (actual time=0.711..168.372 rows=11969 loops=1)
                                                   Buffers: shared hit=3479 read=3063
                                                   ->  Seq Scan on nation  (cost=0.00..1.31 rows=1 width=4) (actual time=0.005..0.010 rows=1 loops=1)
                                                         Filter: (n_name = 'FRANCE'::bpchar)
                                                         Rows Removed by Filter: 24
                                                         Buffers: shared hit=1
                                                   ->  Bitmap Heap Scan on supplier  (cost=105.00..6920.82 rows=12000 width=34) (actual time=0.696..165.513 rows=11969 loops=1)
                                                         Recheck Cond: (s_nationkey = nation.n_nationkey)
                                                         Rows Removed by Index Recheck: 288031
                                                         Heap Blocks: lossy=6539
                                                         Buffers: shared hit=3478 read=3063
                                                         ->  Bitmap Index Scan on supplier_s_nationkey_s_suppkey_brin_idx  (cost=0.00..102.00 rows=12000 width=0) (actual time=0.665..0.665 rows=66560 loops=1)
                                                               Index Cond: (s_nationkey = nation.n_nationkey)
                                                               Buffers: shared read=2
                                 ->  Index Scan using pk_orders on orders  (cost=0.56..0.65 rows=1 width=4) (actual time=0.005..0.006 rows=0 loops=4536981)
                                       Index Cond: (o_orderkey = l1.l_orderkey)
                                       Filter: (o_orderstatus = 'F'::bpchar)
                                       Rows Removed by Filter: 1
                                       Buffers: shared hit=22368395 read=341102 written=2221
                           ->  Index Scan using pk_lineitem on lineitem l2  (cost=0.57..1.74 rows=41 width=8) (actual time=0.006..0.006 rows=1 loops=2193364)
                                 Index Cond: (l_orderkey = l1.l_orderkey)
                                 Filter: (l_suppkey <> l1.l_suppkey)
                                 Rows Removed by Filter: 0
                                 Buffers: shared hit=10781013 read=202487 written=890
                     ->  Index Scan using pk_lineitem on lineitem l3  (cost=0.57..1.74 rows=14 width=8) (actual time=0.004..0.004 rows=1 loops=2113175)
                           Index Cond: (l_orderkey = l1.l_orderkey)
                           Filter: ((l_receiptdate > l_commitdate) AND (l_suppkey <> l1.l_suppkey))
                           Rows Removed by Filter: 1
                           Buffers: shared hit=10605971 read=4999 written=17
 Planning time: 8.733 ms
 Execution time: 131778.215 ms
(57 rows)

COMMIT;
COMMIT
