BEGIN;
BEGIN
EXPLAIN (ANALYZE, BUFFERS)
select
	c_custkey,
	c_name,
	sum(l_extendedprice * (1 - l_discount)) as revenue,
	c_acctbal,
	n_name,
	c_address,
	c_phone,
	c_comment
from
	customer,
	orders,
	lineitem,
	nation
where
	c_custkey = o_custkey
	and l_orderkey = o_orderkey
	and o_orderdate >= date '1994-02-01'
	and o_orderdate < cast(date '1994-02-01' + interval '3 month' as date)
	and l_returnflag = 'R'
	and c_nationkey = n_nationkey
group by
	c_custkey,
	c_name,
	c_acctbal,
	c_phone,
	n_name,
	c_address,
	c_comment
order by
	revenue desc
LIMIT 20;
                                                                                                QUERY PLAN                                                                                                 
-----------------------------------------------------------------------------------------------------------------------------------------------------------------------------------------------------------
 Limit  (cost=6876593.20..6876593.25 rows=20 width=176) (actual time=101859.167..101859.174 rows=20 loops=1)
   Buffers: shared hit=351655 read=3714960 dirtied=761 written=26946
   ->  Sort  (cost=6876593.20..6880746.94 rows=1661498 width=176) (actual time=101859.163..101859.169 rows=20 loops=1)
         Sort Key: (sum((lineitem.l_extendedprice * (1::double precision - lineitem.l_discount))))
         Sort Method: top-N heapsort  Memory: 30kB
         Buffers: shared hit=351655 read=3714960 dirtied=761 written=26946
         ->  HashAggregate  (cost=6815766.35..6832381.33 rows=1661498 width=176) (actual time=100787.131..101452.979 rows=1120980 loops=1)
               Group Key: customer.c_custkey, customer.c_name, customer.c_acctbal, customer.c_phone, nation.n_name, customer.c_address, customer.c_comment
               Buffers: shared hit=351652 read=3714960 dirtied=761 written=26946
               ->  Hash Join  (cost=1031477.57..6774228.90 rows=1661498 width=176) (actual time=25651.941..94774.246 rows=3329599 loops=1)
                     Hash Cond: (customer.c_nationkey = nation.n_nationkey)
                     Buffers: shared hit=351652 read=3714960 dirtied=761 written=26946
                     ->  Hash Join  (cost=1031476.01..6751381.74 rows=1661498 width=154) (actual time=25651.900..93547.192 rows=3329599 loops=1)
                           Hash Cond: (orders.o_custkey = customer.c_custkey)
                           Buffers: shared hit=351651 read=3714960 dirtied=761 written=26946
                           ->  Hash Join  (cost=824390.01..6515219.53 rows=1661498 width=12) (actual time=21547.394..87053.458 rows=3329599 loops=1)
                                 Hash Cond: (lineitem.l_orderkey = orders.o_orderkey)
                                 Buffers: shared hit=245815 read=3714960 dirtied=761 written=26946
                                 ->  Seq Scan on lineitem  (cost=0.00..5452366.81 rows=44369546 width=12) (actual time=0.010..53552.499 rows=44418638 loops=1)
                                       Filter: (l_returnflag = 'R'::bpchar)
                                       Rows Removed by Filter: 135580788
                                       Buffers: shared hit=108012 read=3092124 written=2
                                 ->  Hash  (cost=803304.91..803304.91 rows=1686808 width=8) (actual time=21541.232..21541.232 rows=1663744 loops=1)
                                       Buckets: 2097152  Batches: 1  Memory Usage: 81374kB
                                       Buffers: shared hit=137803 read=622836 dirtied=761 written=26944
                                       ->  Bitmap Heap Scan on orders  (cost=17397.79..803304.91 rows=1686808 width=8) (actual time=86.225..20845.833 rows=1663744 loops=1)
                                             Recheck Cond: ((o_orderdate >= '1994-02-01'::date) AND (o_orderdate < '1994-05-01'::date))
                                             Rows Removed by Index Recheck: 43336256
                                             Heap Blocks: lossy=760605
                                             Buffers: shared hit=137803 read=622836 dirtied=761 written=26944
                                             ->  Bitmap Index Scan on orders_o_orderdate_o_orderkey_brin_idx  (cost=0.00..16976.08 rows=1686808 width=0) (actual time=85.712..85.712 rows=7607040 loops=1)
                                                   Index Cond: ((o_orderdate >= '1994-02-01'::date) AND (o_orderdate < '1994-05-01'::date))
                                                   Buffers: shared hit=34
                           ->  Hash  (cost=150836.00..150836.00 rows=4500000 width=146) (actual time=4069.295..4069.295 rows=4500000 loops=1)
                                 Buckets: 8388608  Batches: 1  Memory Usage: 860930kB
                                 Buffers: shared hit=105836
                                 ->  Seq Scan on customer  (cost=0.00..150836.00 rows=4500000 width=146) (actual time=0.008..1541.195 rows=4500000 loops=1)
                                       Buffers: shared hit=105836
                     ->  Hash  (cost=1.25..1.25 rows=25 width=30) (actual time=0.022..0.022 rows=25 loops=1)
                           Buckets: 1024  Batches: 1  Memory Usage: 10kB
                           Buffers: shared hit=1
                           ->  Seq Scan on nation  (cost=0.00..1.25 rows=25 width=30) (actual time=0.006..0.010 rows=25 loops=1)
                                 Buffers: shared hit=1
 Planning time: 3.216 ms
 Execution time: 101892.315 ms
(45 rows)

COMMIT;
COMMIT
