BEGIN;
BEGIN
EXPLAIN (ANALYZE, BUFFERS)
select
	l_shipmode,
	sum(case
		when o_orderpriority = '1-URGENT'
			or o_orderpriority = '2-HIGH'
			then 1
		else 0
	end) as high_line_count,
	sum(case
		when o_orderpriority <> '1-URGENT'
			and o_orderpriority <> '2-HIGH'
			then 1
		else 0
	end) as low_line_count
from
	orders,
	lineitem
where
	o_orderkey = l_orderkey
	and l_shipmode in ('MAIL', 'FOB')
	and l_commitdate < l_receiptdate
	and l_shipdate < l_commitdate
	and l_receiptdate >= date '1993-01-01'
	and l_receiptdate < date '1993-01-01' + interval '1 year'
group by
	l_shipmode
order by
	l_shipmode;
                                                                                                                              QUERY PLAN                                                                                                                               
-----------------------------------------------------------------------------------------------------------------------------------------------------------------------------------------------------------------------------------------------------------------------
 Sort  (cost=9510748.52..9510748.53 rows=1 width=27) (actual time=96178.625..96178.625 rows=2 loops=1)
   Sort Key: lineitem.l_shipmode
   Sort Method: quicksort  Memory: 25kB
   Buffers: shared hit=940770 read=3233026 written=84
   ->  HashAggregate  (cost=9510748.50..9510748.51 rows=1 width=27) (actual time=96178.590..96178.591 rows=2 loops=1)
         Group Key: lineitem.l_shipmode
         Buffers: shared hit=940765 read=3233026 written=84
         ->  Merge Join  (cost=7413412.43..9495376.03 rows=878427 width=27) (actual time=74413.406..95311.983 rows=934150 loops=1)
               Merge Cond: (orders.o_orderkey = lineitem.l_orderkey)
               Buffers: shared hit=940765 read=3233026 written=84
               ->  Index Scan using pk_orders on orders  (cost=0.56..1955062.03 rows=45495298 width=20) (actual time=0.007..15751.368 rows=44999937 loops=1)
                     Buffers: shared hit=344771 read=596885 written=84
               ->  Sort  (cost=7413399.36..7415595.42 rows=878427 width=15) (actual time=74413.331..74544.805 rows=934150 loops=1)
                     Sort Key: lineitem.l_orderkey
                     Sort Method: quicksort  Memory: 68365kB
                     Buffers: shared hit=595994 read=2636141
                     ->  Seq Scan on lineitem  (cost=0.00..7326678.57 rows=878427 width=15) (actual time=0.323..73781.798 rows=934150 loops=1)
                           Filter: ((l_shipmode = ANY ('{MAIL,FOB}'::bpchar[])) AND (l_commitdate < l_receiptdate) AND (l_shipdate < l_commitdate) AND (l_receiptdate >= '1993-01-01'::date) AND (l_receiptdate < '1994-01-01 00:00:00'::timestamp without time zone))
                           Rows Removed by Filter: 179066347
                           Buffers: shared hit=595990 read=2636141
 Planning time: 3.427 ms
 Execution time: 96183.043 ms
(22 rows)

COMMIT;
COMMIT
