BEGIN;
BEGIN
EXPLAIN (ANALYZE, BUFFERS)
select
	c_custkey,
	c_name,
	sum(l_extendedprice * (1 - l_discount)) as revenue,
	c_acctbal,
	n_name,
	c_address,
	c_phone,
	c_comment
from
	customer,
	orders,
	lineitem,
	nation
where
	c_custkey = o_custkey
	and l_orderkey = o_orderkey
	and o_orderdate >= date '1993-03-01'
	and o_orderdate < cast(date '1993-03-01' + interval '3 month' as date)
	and l_returnflag = 'R'
	and c_nationkey = n_nationkey
group by
	c_custkey,
	c_name,
	c_acctbal,
	c_phone,
	n_name,
	c_address,
	c_comment
order by
	revenue desc
LIMIT 20;
                                                                                                QUERY PLAN                                                                                                 
-----------------------------------------------------------------------------------------------------------------------------------------------------------------------------------------------------------
 Limit  (cost=6951651.47..6951651.52 rows=20 width=176) (actual time=101241.484..101241.489 rows=20 loops=1)
   Buffers: shared hit=567313 read=3538893
   ->  Sort  (cost=6951651.47..6955995.25 rows=1737513 width=176) (actual time=101241.481..101241.482 rows=20 loops=1)
         Sort Key: (sum((lineitem.l_extendedprice * (1::double precision - lineitem.l_discount))))
         Sort Method: top-N heapsort  Memory: 30kB
         Buffers: shared hit=567313 read=3538893
         ->  HashAggregate  (cost=6888041.74..6905416.87 rows=1737513 width=176) (actual time=100082.564..100824.187 rows=1148610 loops=1)
               Group Key: customer.c_custkey, customer.c_name, customer.c_acctbal, customer.c_phone, nation.n_name, customer.c_address, customer.c_comment
               Buffers: shared hit=567310 read=3538893
               ->  Hash Join  (cost=1041986.09..6844603.92 rows=1737513 width=176) (actual time=24226.733..93833.449 rows=3441452 loops=1)
                     Hash Cond: (customer.c_nationkey = nation.n_nationkey)
                     Buffers: shared hit=567310 read=3538893
                     ->  Hash Join  (cost=1041984.52..6820711.55 rows=1737513 width=154) (actual time=24226.702..92557.062 rows=3441452 loops=1)
                           Hash Cond: (orders.o_custkey = customer.c_custkey)
                           Buffers: shared hit=567309 read=3538893
                           ->  Hash Join  (cost=834898.52..6583219.07 rows=1737513 width=12) (actual time=19458.974..85360.039 rows=3441452 loops=1)
                                 Hash Cond: (lineitem.l_orderkey = orders.o_orderkey)
                                 Buffers: shared hit=567307 read=3433059
                                 ->  Seq Scan on lineitem  (cost=0.00..5506879.65 rows=44813154 width=12) (actual time=0.028..54006.453 rows=44419494 loops=1)
                                       Filter: (l_returnflag = 'R'::bpchar)
                                       Rows Removed by Filter: 135581003
                                       Buffers: shared hit=421123 read=2811008
                                 ->  Hash  (cost=812849.01..812849.01 rows=1763961 width=8) (actual time=19449.232..19449.232 rows=1720571 loops=1)
                                       Buckets: 2097152  Batches: 1  Memory Usage: 83594kB
                                       Buffers: shared hit=146184 read=622051
                                       ->  Bitmap Heap Scan on orders  (cost=18188.60..812849.01 rows=1763961 width=8) (actual time=85.925..18619.049 rows=1720571 loops=1)
                                             Recheck Cond: ((o_orderdate >= '1993-03-01'::date) AND (o_orderdate < '1993-06-01'::date))
                                             Rows Removed by Index Recheck: 43279429
                                             Heap Blocks: lossy=768201
                                             Buffers: shared hit=146184 read=622051
                                             ->  Bitmap Index Scan on orders_o_orderdate_o_orderkey_brin_idx  (cost=0.00..17747.61 rows=1763961 width=0) (actual time=85.390..85.390 rows=7682560 loops=1)
                                                   Index Cond: ((o_orderdate >= '1993-03-01'::date) AND (o_orderdate < '1993-06-01'::date))
                                                   Buffers: shared hit=9 read=25
                           ->  Hash  (cost=150836.00..150836.00 rows=4500000 width=146) (actual time=4728.685..4728.685 rows=4500000 loops=1)
                                 Buckets: 8388608  Batches: 1  Memory Usage: 860930kB
                                 Buffers: shared hit=2 read=105834
                                 ->  Seq Scan on customer  (cost=0.00..150836.00 rows=4500000 width=146) (actual time=0.008..2227.866 rows=4500000 loops=1)
                                       Buffers: shared hit=2 read=105834
                     ->  Hash  (cost=1.25..1.25 rows=25 width=30) (actual time=0.020..0.020 rows=25 loops=1)
                           Buckets: 1024  Batches: 1  Memory Usage: 10kB
                           Buffers: shared hit=1
                           ->  Seq Scan on nation  (cost=0.00..1.25 rows=25 width=30) (actual time=0.005..0.010 rows=25 loops=1)
                                 Buffers: shared hit=1
 Planning time: 5.102 ms
 Execution time: 101277.638 ms
(45 rows)

COMMIT;
COMMIT
