BEGIN;
BEGIN
EXPLAIN (ANALYZE, BUFFERS)
select
	s_name,
	count(*) as numwait
from
	supplier,
	lineitem l1,
	orders,
	nation
where
	s_suppkey = l1.l_suppkey
	and o_orderkey = l1.l_orderkey
	and o_orderstatus = 'F'
	and l1.l_receiptdate > l1.l_commitdate
	and exists (
		select
			*
		from
			lineitem l2
		where
			l2.l_orderkey = l1.l_orderkey
			and l2.l_suppkey <> l1.l_suppkey
	)
	and not exists (
		select
			*
		from
			lineitem l3
		where
			l3.l_orderkey = l1.l_orderkey
			and l3.l_suppkey <> l1.l_suppkey
			and l3.l_receiptdate > l3.l_commitdate
	)
	and s_nationkey = n_nationkey
	and n_name = 'IRAN'
group by
	s_name
order by
	numwait desc,
	s_name
LIMIT 100;
                                                                                                   QUERY PLAN                                                                                                   
----------------------------------------------------------------------------------------------------------------------------------------------------------------------------------------------------------------
 Limit  (cost=10068679.75..10068679.75 rows=1 width=26) (actual time=134654.584..134654.599 rows=100 loops=1)
   Buffers: shared hit=44701797 read=3763709 written=712
   ->  Sort  (cost=10068679.75..10068679.75 rows=1 width=26) (actual time=134654.583..134654.590 rows=100 loops=1)
         Sort Key: (count(*)), supplier.s_name
         Sort Method: top-N heapsort  Memory: 32kB
         Buffers: shared hit=44701797 read=3763709 written=712
         ->  HashAggregate  (cost=10068679.73..10068679.74 rows=1 width=26) (actual time=134648.585..134651.807 rows=12201 loops=1)
               Group Key: supplier.s_name
               Buffers: shared hit=44701789 read=3763709 written=712
               ->  Nested Loop Anti Join  (cost=7193.83..10068679.72 rows=1 width=26) (actual time=118.306..134477.487 rows=120610 loops=1)
                     Buffers: shared hit=44701789 read=3763709 written=712
                     ->  Nested Loop Semi Join  (cost=7193.26..10068676.63 rows=1 width=34) (actual time=117.559..125861.843 rows=2156215 loops=1)
                           Join Filter: (orders.o_orderkey = l2.l_orderkey)
                           Buffers: shared hit=33885983 read=3752728 written=698
                           ->  Nested Loop  (cost=7192.69..7358673.34 rows=1185304 width=38) (actual time=117.504..111152.819 rows=2237694 loops=1)
                                 Buffers: shared hit=23141548 read=3292034 written=295
                                 ->  Hash Join  (cost=7192.13..5765810.63 rows=2426399 width=34) (actual time=117.475..82815.448 rows=4634022 loops=1)
                                       Hash Cond: (l1.l_suppkey = supplier.s_suppkey)
                                       Buffers: shared hit=477600 read=2761076 written=32
                                       ->  Seq Scan on lineitem l1  (cost=0.00..5506879.65 rows=60659964 width=8) (actual time=0.013..58676.582 rows=113913014 loops=1)
                                             Filter: (l_receiptdate > l_commitdate)
                                             Rows Removed by Filter: 66267022
                                             Buffers: shared hit=471058 read=2761073 written=32
                                       ->  Hash  (cost=7042.13..7042.13 rows=12000 width=30) (actual time=117.371..117.371 rows=12202 loops=1)
                                             Buckets: 16384  Batches: 1  Memory Usage: 891kB
                                             Buffers: shared hit=6539 read=3
                                             ->  Nested Loop  (cost=105.00..7042.13 rows=12000 width=30) (actual time=0.703..113.381 rows=12202 loops=1)
                                                   Buffers: shared hit=6539 read=3
                                                   ->  Seq Scan on nation  (cost=0.00..1.31 rows=1 width=4) (actual time=0.006..0.010 rows=1 loops=1)
                                                         Filter: (n_name = 'IRAN'::bpchar)
                                                         Rows Removed by Filter: 24
                                                         Buffers: shared hit=1
                                                   ->  Bitmap Heap Scan on supplier  (cost=105.00..6920.82 rows=12000 width=34) (actual time=0.690..111.356 rows=12202 loops=1)
                                                         Recheck Cond: (s_nationkey = nation.n_nationkey)
                                                         Rows Removed by Index Recheck: 287798
                                                         Heap Blocks: lossy=6539
                                                         Buffers: shared hit=6538 read=3
                                                         ->  Bitmap Index Scan on supplier_s_nationkey_s_suppkey_brin_idx  (cost=0.00..102.00 rows=12000 width=0) (actual time=0.672..0.672 rows=66560 loops=1)
                                                               Index Cond: (s_nationkey = nation.n_nationkey)
                                                               Buffers: shared read=2
                                 ->  Index Scan using pk_orders on orders  (cost=0.56..0.65 rows=1 width=4) (actual time=0.005..0.006 rows=0 loops=4634022)
                                       Index Cond: (o_orderkey = l1.l_orderkey)
                                       Filter: (o_orderstatus = 'F'::bpchar)
                                       Rows Removed by Filter: 1
                                       Buffers: shared hit=22663948 read=530958 written=263
                           ->  Index Scan using pk_lineitem on lineitem l2  (cost=0.57..1.76 rows=42 width=8) (actual time=0.006..0.006 rows=1 loops=2237694)
                                 Index Cond: (l_orderkey = l1.l_orderkey)
                                 Filter: (l_suppkey <> l1.l_suppkey)
                                 Rows Removed by Filter: 0
                                 Buffers: shared hit=10744435 read=460694 written=403
                     ->  Index Scan using pk_lineitem on lineitem l3  (cost=0.57..1.76 rows=14 width=8) (actual time=0.003..0.003 rows=1 loops=2156215)
                           Index Cond: (l_orderkey = l1.l_orderkey)
                           Filter: ((l_receiptdate > l_commitdate) AND (l_suppkey <> l1.l_suppkey))
                           Rows Removed by Filter: 1
                           Buffers: shared hit=10815806 read=10981 written=14
 Planning time: 10.038 ms
 Execution time: 134655.064 ms
(57 rows)

COMMIT;
COMMIT
