BEGIN;
BEGIN
EXPLAIN (ANALYZE, BUFFERS)
select
	l_orderkey,
	sum(l_extendedprice * (1 - l_discount)) as revenue,
	o_orderdate,
	o_shippriority
from
	customer,
	orders,
	lineitem
where
	c_mktsegment = 'BUILDING'
	and c_custkey = o_custkey
	and l_orderkey = o_orderkey
	and o_orderdate < date '1995-03-14'
	and l_shipdate > date '1995-03-14'
group by
	l_orderkey,
	o_orderdate,
	o_shippriority
order by
	revenue desc,
	o_orderdate
LIMIT 10;
                                                                                               QUERY PLAN                                                                                               
--------------------------------------------------------------------------------------------------------------------------------------------------------------------------------------------------------
 Limit  (cost=8045833.07..8045833.10 rows=10 width=20) (actual time=109707.587..109707.591 rows=10 loops=1)
   Buffers: shared hit=549065 read=3560734 written=105
   ->  Sort  (cost=8045833.07..8069646.26 rows=9525274 width=20) (actual time=109707.583..109707.587 rows=10 loops=1)
         Sort Key: (sum((lineitem.l_extendedprice * (1::double precision - lineitem.l_discount)))), orders.o_orderdate
         Sort Method: top-N heapsort  Memory: 25kB
         Buffers: shared hit=549065 read=3560734 written=105
         ->  HashAggregate  (cost=7744742.58..7839995.32 rows=9525274 width=20) (actual time=109494.404..109644.597 rows=339578 loops=1)
               Group Key: lineitem.l_orderkey, orders.o_orderdate, orders.o_shippriority
               Buffers: shared hit=549059 read=3560734 written=105
               ->  Hash Join  (cost=2309778.65..7601863.47 rows=9525274 width=20) (actual time=29824.858..108627.268 rows=899168 loops=1)
                     Hash Cond: (lineitem.l_orderkey = orders.o_orderkey)
                     Buffers: shared hit=549059 read=3560734 written=105
                     ->  Bitmap Heap Scan on lineitem  (cost=761745.67..5221814.84 rows=98235054 width=12) (actual time=391.024..63294.532 rows=97112296 loops=1)
                           Recheck Cond: (l_shipdate > '1995-03-14'::date)
                           Rows Removed by Index Recheck: 82888201
                           Heap Blocks: lossy=3232131
                           Buffers: shared hit=319065 read=2913207 written=105
                           ->  Bitmap Index Scan on lineitem_l_shipdate_l_suppkey_brin_idx  (cost=0.00..737186.90 rows=98235054 width=0) (actual time=388.497..388.497 rows=32322560 loops=1)
                                 Index Cond: (l_shipdate > '1995-03-14'::date)
                                 Buffers: shared hit=37 read=104
                     ->  Hash  (cost=1492890.35..1492890.35 rows=4411411 width=12) (actual time=29401.775..29401.775 rows=4375982 loops=1)
                           Buckets: 8388608  Batches: 1  Memory Usage: 253567kB
                           Buffers: shared hit=229994 read=647527
                           ->  Hash Join  (cost=320732.70..1492890.35 rows=4411411 width=12) (actual time=2031.648..27826.558 rows=4375982 loops=1)
                                 Hash Cond: (orders.o_custkey = customer.c_custkey)
                                 Buffers: shared hit=229994 read=647527
                                 ->  Bitmap Heap Scan on orders  (cost=171725.21..1216728.16 rows=22144156 width=16) (actual time=85.711..15641.974 rows=21845606 loops=1)
                                       Recheck Cond: (o_orderdate < '1995-03-14'::date)
                                       Rows Removed by Index Recheck: 23154394
                                       Heap Blocks: lossy=768201
                                       Buffers: shared hit=229992 read=538243
                                       ->  Bitmap Index Scan on orders_o_orderdate_o_orderkey_brin_idx  (cost=0.00..166189.17 rows=22144156 width=0) (actual time=85.194..85.194 rows=7682560 loops=1)
                                             Index Cond: (o_orderdate < '1995-03-14'::date)
                                             Buffers: shared hit=8 read=26
                                 ->  Hash  (cost=137801.75..137801.75 rows=896460 width=4) (actual time=1942.538..1942.538 rows=900509 loops=1)
                                       Buckets: 1048576  Batches: 1  Memory Usage: 39851kB
                                       Buffers: shared hit=2 read=109284
                                       ->  Bitmap Heap Scan on customer  (cost=20760.00..137801.75 rows=896460 width=4) (actual time=237.692..1668.452 rows=900509 loops=1)
                                             Recheck Cond: (c_mktsegment = 'BUILDING'::bpchar)
                                             Heap Blocks: exact=105833
                                             Buffers: shared hit=2 read=109284
                                             ->  Bitmap Index Scan on customer_c_mktsegment_c_custkey_idx  (cost=0.00..20535.88 rows=896460 width=0) (actual time=205.783..205.783 rows=900509 loops=1)
                                                   Index Cond: (c_mktsegment = 'BUILDING'::bpchar)
                                                   Buffers: shared read=3453
 Planning time: 4.282 ms
 Execution time: 109762.408 ms
(46 rows)

COMMIT;
COMMIT
