BEGIN;
BEGIN
EXPLAIN (ANALYZE, BUFFERS)
select
	c_custkey,
	c_name,
	sum(l_extendedprice * (1 - l_discount)) as revenue,
	c_acctbal,
	n_name,
	c_address,
	c_phone,
	c_comment
from
	customer,
	orders,
	lineitem,
	nation
where
	c_custkey = o_custkey
	and l_orderkey = o_orderkey
	and o_orderdate >= date '1993-05-01'
	and o_orderdate < cast(date '1993-05-01' + interval '3 month' as date)
	and l_returnflag = 'R'
	and c_nationkey = n_nationkey
group by
	c_custkey,
	c_name,
	c_acctbal,
	c_phone,
	n_name,
	c_address,
	c_comment
order by
	revenue desc
LIMIT 20;
                                                                                                QUERY PLAN                                                                                                 
-----------------------------------------------------------------------------------------------------------------------------------------------------------------------------------------------------------
 Limit  (cost=6952025.64..6952025.69 rows=20 width=176) (actual time=96964.200..96964.207 rows=20 loops=1)
   Buffers: shared hit=758472 read=3347734 written=201
   ->  Sort  (cost=6952025.64..6956376.05 rows=1740163 width=176) (actual time=96964.197..96964.201 rows=20 loops=1)
         Sort Key: (sum((lineitem.l_extendedprice * (1::double precision - lineitem.l_discount))))
         Sort Method: top-N heapsort  Memory: 30kB
         Buffers: shared hit=758472 read=3347734 written=201
         ->  HashAggregate  (cost=6888318.90..6905720.53 rows=1740163 width=176) (actual time=95878.606..96548.963 rows=1148583 loops=1)
               Group Key: customer.c_custkey, customer.c_name, customer.c_acctbal, customer.c_phone, nation.n_name, customer.c_address, customer.c_comment
               Buffers: shared hit=758469 read=3347734 written=201
               ->  Hash Join  (cost=1042087.68..6844814.82 rows=1740163 width=176) (actual time=22614.036..89843.432 rows=3438423 loops=1)
                     Hash Cond: (customer.c_nationkey = nation.n_nationkey)
                     Buffers: shared hit=758469 read=3347734 written=201
                     ->  Hash Join  (cost=1042086.12..6820886.02 rows=1740163 width=154) (actual time=22614.000..88589.244 rows=3438423 loops=1)
                           Hash Cond: (orders.o_custkey = customer.c_custkey)
                           Buffers: shared hit=758468 read=3347734 written=201
                           ->  Hash Join  (cost=835000.12..6583347.17 rows=1740163 width=12) (actual time=17894.518..81821.107 rows=3438423 loops=1)
                                 Hash Cond: (lineitem.l_orderkey = orders.o_orderkey)
                                 Buffers: shared hit=758466 read=3241900 written=61
                                 ->  Seq Scan on lineitem  (cost=0.00..5506879.65 rows=44813154 width=12) (actual time=0.033..53291.970 rows=44419494 loops=1)
                                       Filter: (l_returnflag = 'R'::bpchar)
                                       Rows Removed by Filter: 135581003
                                       Buffers: shared hit=560966 read=2671165
                                 ->  Hash  (cost=812916.97..812916.97 rows=1766652 width=8) (actual time=17888.238..17888.238 rows=1720142 loops=1)
                                       Buckets: 2097152  Batches: 1  Memory Usage: 83578kB
                                       Buffers: shared hit=197500 read=570735 written=61
                                       ->  Bitmap Heap Scan on orders  (cost=18216.19..812916.97 rows=1766652 width=8) (actual time=98.117..17239.675 rows=1720142 loops=1)
                                             Recheck Cond: ((o_orderdate >= '1993-05-01'::date) AND (o_orderdate < '1993-08-01'::date))
                                             Rows Removed by Index Recheck: 43279858
                                             Heap Blocks: lossy=768201
                                             Buffers: shared hit=197500 read=570735 written=61
                                             ->  Bitmap Index Scan on orders_o_orderdate_o_orderkey_brin_idx  (cost=0.00..17774.52 rows=1766652 width=0) (actual time=97.569..97.569 rows=7682560 loops=1)
                                                   Index Cond: ((o_orderdate >= '1993-05-01'::date) AND (o_orderdate < '1993-08-01'::date))
                                                   Buffers: shared hit=9 read=25
                           ->  Hash  (cost=150836.00..150836.00 rows=4500000 width=146) (actual time=4696.321..4696.321 rows=4500000 loops=1)
                                 Buckets: 8388608  Batches: 1  Memory Usage: 860930kB
                                 Buffers: shared hit=2 read=105834 written=140
                                 ->  Seq Scan on customer  (cost=0.00..150836.00 rows=4500000 width=146) (actual time=0.006..2312.516 rows=4500000 loops=1)
                                       Buffers: shared hit=2 read=105834 written=140
                     ->  Hash  (cost=1.25..1.25 rows=25 width=30) (actual time=0.024..0.024 rows=25 loops=1)
                           Buckets: 1024  Batches: 1  Memory Usage: 10kB
                           Buffers: shared hit=1
                           ->  Seq Scan on nation  (cost=0.00..1.25 rows=25 width=30) (actual time=0.005..0.008 rows=25 loops=1)
                                 Buffers: shared hit=1
 Planning time: 4.837 ms
 Execution time: 96991.825 ms
(45 rows)

COMMIT;
COMMIT
