BEGIN;
BEGIN
EXPLAIN (ANALYZE, BUFFERS)
select
	l_orderkey,
	sum(l_extendedprice * (1 - l_discount)) as revenue,
	o_orderdate,
	o_shippriority
from
	customer,
	orders,
	lineitem
where
	c_mktsegment = 'AUTOMOBILE'
	and c_custkey = o_custkey
	and l_orderkey = o_orderkey
	and o_orderdate < date '1995-03-24'
	and l_shipdate > date '1995-03-24'
group by
	l_orderkey,
	o_orderdate,
	o_shippriority
order by
	revenue desc,
	o_orderdate
LIMIT 10;
                                                                                               QUERY PLAN                                                                                               
--------------------------------------------------------------------------------------------------------------------------------------------------------------------------------------------------------
 Limit  (cost=8026143.02..8026143.05 rows=10 width=20) (actual time=114284.588..114284.591 rows=10 loops=1)
   Buffers: shared hit=844999 read=3260828 dirtied=2 written=21829
   ->  Sort  (cost=8026143.02..8050031.76 rows=9555496 width=20) (actual time=114284.584..114284.586 rows=10 loops=1)
         Sort Key: (sum((lineitem.l_extendedprice * (1::double precision - lineitem.l_discount)))), orders.o_orderdate
         Sort Method: top-N heapsort  Memory: 25kB
         Buffers: shared hit=844999 read=3260828 dirtied=2 written=21829
         ->  HashAggregate  (cost=7724097.23..7819652.19 rows=9555496 width=20) (actual time=114067.892..114221.448 rows=340221 loops=1)
               Group Key: lineitem.l_orderkey, orders.o_orderdate, orders.o_shippriority
               Buffers: shared hit=844993 read=3260828 dirtied=2 written=21829
               ->  Hash Join  (cost=2307750.27..7580764.79 rows=9555496 width=20) (actual time=31345.224..113205.383 rows=897998 loops=1)
                     Hash Cond: (lineitem.l_orderkey = orders.o_orderkey)
                     Buffers: shared hit=844993 read=3260828 dirtied=2 written=21829
                     ->  Bitmap Heap Scan on lineitem  (cost=755483.08..5202240.31 rows=97426978 width=12) (actual time=389.037..65688.995 rows=96460044 loops=1)
                           Recheck Cond: (l_shipdate > '1995-03-24'::date)
                           Rows Removed by Index Recheck: 83719703
                           Heap Blocks: lossy=3228920
                           Buffers: shared hit=611837 read=2617224 dirtied=2 written=21828
                           ->  Bitmap Index Scan on lineitem_l_shipdate_l_suppkey_brin_idx  (cost=0.00..731126.34 rows=97426978 width=0) (actual time=386.520..386.520 rows=32289280 loops=1)
                                 Index Cond: (l_shipdate > '1995-03-24'::date)
                                 Buffers: shared hit=37 read=104
                     ->  Hash  (cost=1496545.96..1496545.96 rows=4457698 width=12) (actual time=30932.689..30932.689 rows=4410995 loops=1)
                           Buckets: 8388608  Batches: 1  Memory Usage: 255071kB
                           Buffers: shared hit=233156 read=643604 written=1
                           ->  Hash Join  (cost=322104.43..1496545.96 rows=4457698 width=12) (actual time=2115.384..29213.533 rows=4410995 loops=1)
                                 Hash Cond: (orders.o_custkey = customer.c_custkey)
                                 Buffers: shared hit=233156 read=643604 written=1
                                 ->  Bitmap Heap Scan on orders  (cost=172956.16..1219184.51 rows=22302988 width=16) (actual time=85.343..17066.175 rows=22055135 loops=1)
                                       Recheck Cond: (o_orderdate < '1995-03-24'::date)
                                       Rows Removed by Index Recheck: 22989865
                                       Heap Blocks: lossy=767441
                                       Buffers: shared hit=233154 read=534321 written=1
                                       ->  Bitmap Index Scan on orders_o_orderdate_o_orderkey_brin_idx  (cost=0.00..167380.41 rows=22302988 width=0) (actual time=84.829..84.829 rows=7674880 loops=1)
                                             Index Cond: (o_orderdate < '1995-03-24'::date)
                                             Buffers: shared hit=8 read=26
                                 ->  Hash  (cost=137905.59..137905.59 rows=899415 width=4) (actual time=2026.596..2026.596 rows=901110 loops=1)
                                       Buckets: 1048576  Batches: 1  Memory Usage: 39872kB
                                       Buffers: shared hit=2 read=109283
                                       ->  Bitmap Heap Scan on customer  (cost=20826.90..137905.59 rows=899415 width=4) (actual time=240.123..1754.170 rows=901110 loops=1)
                                             Recheck Cond: (c_mktsegment = 'AUTOMOBILE'::bpchar)
                                             Heap Blocks: exact=105830
                                             Buffers: shared hit=2 read=109283
                                             ->  Bitmap Index Scan on customer_c_mktsegment_c_custkey_idx  (cost=0.00..20602.04 rows=899415 width=0) (actual time=208.695..208.695 rows=901110 loops=1)
                                                   Index Cond: (c_mktsegment = 'AUTOMOBILE'::bpchar)
                                                   Buffers: shared read=3455
 Planning time: 4.568 ms
 Execution time: 114338.611 ms
(46 rows)

COMMIT;
COMMIT
