BEGIN;
BEGIN
EXPLAIN (ANALYZE, BUFFERS)
select
	n_name,
	sum(l_extendedprice * (1 - l_discount)) as revenue
from
	customer,
	orders,
	lineitem,
	supplier,
	nation,
	region
where
	c_custkey = o_custkey
	and l_orderkey = o_orderkey
	and l_suppkey = s_suppkey
	and c_nationkey = s_nationkey
	and s_nationkey = n_nationkey
	and n_regionkey = r_regionkey
	and r_name = 'MIDDLE EAST'
	and o_orderdate >= date '1997-01-01'
	and o_orderdate < date '1997-01-01' + interval '1 year'
group by
	n_name
order by
	revenue desc;
                                                                                                QUERY PLAN                                                                                                
----------------------------------------------------------------------------------------------------------------------------------------------------------------------------------------------------------
 Sort  (cost=6730609.85..6730609.91 rows=25 width=34) (actual time=54635.849..54635.850 rows=5 loops=1)
   Sort Key: (sum((lineitem.l_extendedprice * (1::double precision - lineitem.l_discount))))
   Sort Method: quicksort  Memory: 25kB
   Buffers: shared hit=6089950 read=2149160 written=32
   ->  HashAggregate  (cost=6730609.02..6730609.27 rows=25 width=34) (actual time=54635.803..54635.804 rows=5 loops=1)
         Group Key: nation.n_name
         Buffers: shared hit=6089947 read=2149160 written=32
         ->  Hash Join  (cost=210256.55..6728409.59 rows=219943 width=34) (actual time=6953.264..54365.347 rows=218612 loops=1)
               Hash Cond: ((lineitem.l_suppkey = supplier.s_suppkey) AND (customer.c_nationkey = supplier.s_nationkey))
               Buffers: shared hit=6089947 read=2149160 written=32
               ->  Nested Loop  (cost=196217.55..6670931.99 rows=5498555 width=46) (actual time=6756.562..51685.661 rows=5471598 loops=1)
                     Buffers: shared hit=6083405 read=2149160 written=32
                     ->  Hash Join  (cost=196216.98..1166788.25 rows=1374649 width=38) (actual time=6756.500..28616.192 rows=1367553 loops=1)
                           Hash Cond: (orders.o_custkey = customer.c_custkey)
                           Buffers: shared hit=562313 read=735121 written=9
                           ->  Bitmap Heap Scan on orders  (cost=83250.87..1014300.99 rows=6873243 width=8) (actual time=86.449..17673.675 rows=6829259 loops=1)
                                 Recheck Cond: (o_orderdate >= '1997-01-01'::date)
                                 Rows Removed by Index Recheck: 34170620
                                 Filter: (o_orderdate < '1998-01-01 00:00:00'::timestamp without time zone)
                                 Rows Removed by Filter: 4000121
                                 Heap Blocks: lossy=768201
                                 Buffers: shared hit=138952 read=629283 written=9
                                 ->  Bitmap Index Scan on orders_o_orderdate_o_orderkey_brin_idx  (cost=0.00..81532.56 rows=10856608 width=0) (actual time=85.905..85.905 rows=7682560 loops=1)
                                       Index Cond: (o_orderdate >= '1997-01-01'::date)
                                       Buffers: shared hit=9 read=25
                           ->  Hash  (cost=101716.11..101716.11 rows=900000 width=38) (actual time=6665.019..6665.019 rows=899828 loops=1)
                                 Buckets: 1048576  Batches: 1  Memory Usage: 71462kB
                                 Buffers: shared hit=423361 read=105838
                                 ->  Nested Loop  (cost=1895.14..101716.11 rows=900000 width=38) (actual time=11.430..6306.661 rows=899828 loops=1)
                                       Buffers: shared hit=423361 read=105838
                                       ->  Nested Loop  (cost=0.14..13.95 rows=5 width=30) (actual time=0.032..0.080 rows=5 loops=1)
                                             Join Filter: (nation.n_regionkey = region.r_regionkey)
                                             Rows Removed by Join Filter: 20
                                             Buffers: shared hit=3
                                             ->  Index Scan using pk_nation on nation  (cost=0.14..12.51 rows=25 width=34) (actual time=0.008..0.028 rows=25 loops=1)
                                                   Buffers: shared hit=2
                                             ->  Materialize  (cost=0.00..1.07 rows=1 width=4) (actual time=0.001..0.001 rows=1 loops=25)
                                                   Buffers: shared hit=1
                                                   ->  Seq Scan on region  (cost=0.00..1.06 rows=1 width=4) (actual time=0.008..0.008 rows=1 loops=1)
                                                         Filter: (r_name = 'MIDDLE EAST'::bpchar)
                                                         Rows Removed by Filter: 4
                                                         Buffers: shared hit=1
                                       ->  Bitmap Heap Scan on customer  (cost=1895.00..18540.43 rows=180000 width=8) (actual time=11.285..1228.621 rows=179966 loops=5)
                                             Recheck Cond: (c_nationkey = nation.n_nationkey)
                                             Rows Removed by Index Recheck: 4320034
                                             Heap Blocks: lossy=529180
                                             Buffers: shared hit=423358 read=105838
                                             ->  Bitmap Index Scan on customer_c_nationkey_c_custkey_brin_idx  (cost=0.00..1850.00 rows=180000 width=0) (actual time=11.217..11.217 rows=1058560 loops=5)
                                                   Index Cond: (c_nationkey = nation.n_nationkey)
                                                   Buffers: shared hit=12 read=4
                     ->  Index Scan using pk_lineitem on lineitem  (cost=0.57..3.58 rows=42 width=16) (actual time=0.014..0.015 rows=4 loops=1367553)
                           Index Cond: (l_orderkey = orders.o_orderkey)
                           Buffers: shared hit=5521092 read=1414039 written=23
               ->  Hash  (cost=9539.00..9539.00 rows=300000 width=8) (actual time=193.499..193.499 rows=300000 loops=1)
                     Buckets: 524288  Batches: 1  Memory Usage: 15815kB
                     Buffers: shared hit=6539
                     ->  Seq Scan on supplier  (cost=0.00..9539.00 rows=300000 width=8) (actual time=0.008..106.929 rows=300000 loops=1)
                           Buffers: shared hit=6539
 Planning time: 6.419 ms
 Execution time: 54637.830 ms
(60 rows)

COMMIT;
COMMIT
