BEGIN;
BEGIN
EXPLAIN (ANALYZE, BUFFERS)
select
	sum(l_extendedprice* (1 - l_discount)) as revenue
from
	lineitem,
	part
where
	(
		p_partkey = l_partkey
		and p_brand = 'Brand#11'
		and p_container in ('SM CASE', 'SM BOX', 'SM PACK', 'SM PKG')
		and l_quantity >= 2 and l_quantity <= 2+10
		and p_size between 1 and 5
		and l_shipmode in ('AIR', 'AIR REG')
		and l_shipinstruct = 'DELIVER IN PERSON'
	)
	or
	(
		p_partkey = l_partkey
		and p_brand = 'Brand#13'
		and p_container in ('MED BAG', 'MED BOX', 'MED PKG', 'MED PACK')
		and l_quantity >= 16 and l_quantity <= 16+10
		and p_size between 1 and 10
		and l_shipmode in ('AIR', 'AIR REG')
		and l_shipinstruct = 'DELIVER IN PERSON'
	)
	or
	(
		p_partkey = l_partkey
		and p_brand = 'Brand#31'
		and p_container in ('LG CASE', 'LG BOX', 'LG PACK', 'LG PKG')
		and l_quantity >= 28 and l_quantity <= 28+10
		and p_size between 1 and 15
		and l_shipmode in ('AIR', 'AIR REG')
		and l_shipinstruct = 'DELIVER IN PERSON'
	);
                                                                                                                                                                                                                                                                                                                                                                                                                                                                                                                                                  QUERY PLAN                                                                                                                                                                                                                                                                                                                                                                                                                                                                                                                                                  
--------------------------------------------------------------------------------------------------------------------------------------------------------------------------------------------------------------------------------------------------------------------------------------------------------------------------------------------------------------------------------------------------------------------------------------------------------------------------------------------------------------------------------------------------------------------------------------------------------------------------------------------------------------------------------------------------------------------------------------------------------------------------------------------------------------------------------------------------------------------------------------------------------------------------------------------------------------------------------------------------------------------------------------------------------------------------------------------------------------
 Aggregate  (cost=1867853.03..1867853.04 rows=1 width=8) (actual time=10075.586..10075.587 rows=1 loops=1)
   Buffers: shared hit=84938 read=462099 dirtied=16 written=1
   ->  Nested Loop  (cost=38488.03..1867827.19 rows=3446 width=8) (actual time=103.176..10072.439 rows=3328 loops=1)
         Buffers: shared hit=84938 read=462099 dirtied=16 written=1
         ->  Bitmap Heap Scan on part  (cost=38483.29..80191.75 rows=14546 width=30) (actual time=102.285..1022.324 rows=14437 loops=1)
               Recheck Cond: (((p_container = ANY ('{"SM CASE","SM BOX","SM PACK","SM PKG"}'::bpchar[])) AND (p_brand = 'Brand#11'::bpchar) AND (p_size <= 5) AND (p_size >= 1)) OR ((p_container = ANY ('{"MED BAG","MED BOX","MED PKG","MED PACK"}'::bpchar[])) AND (p_brand = 'Brand#13'::bpchar) AND (p_size <= 10) AND (p_size >= 1)) OR ((p_container = ANY ('{"LG CASE","LG BOX","LG PACK","LG PKG"}'::bpchar[])) AND (p_brand = 'Brand#31'::bpchar) AND (p_size <= 15) AND (p_size >= 1)))
               Rows Removed by Index Recheck: 57275
               Heap Blocks: exact=54505
               Buffers: shared hit=29 read=54969
               ->  BitmapOr  (cost=38483.29..38483.29 rows=14557 width=0) (actual time=88.780..88.780 rows=0 loops=1)
                     Buffers: shared hit=29 read=464
                     ->  BitmapAnd  (cost=6849.40..6849.40 rows=2384 width=0) (actual time=26.508..26.508 rows=0 loops=1)
                           Buffers: shared hit=6 read=158
                           ->  Bitmap Index Scan on part_p_container_p_brand_p_partkey_idx  (cost=0.00..833.07 rows=23885 width=0) (actual time=10.970..10.970 rows=23887 loops=1)
                                 Index Cond: ((p_container = ANY ('{"SM CASE","SM BOX","SM PACK","SM PKG"}'::bpchar[])) AND (p_brand = 'Brand#11'::bpchar))
                                 Buffers: shared hit=6 read=154
                           ->  Bitmap Index Scan on part_p_size_brin_idx  (cost=0.00..6008.80 rows=598880 width=0) (actual time=13.001..13.001 rows=1216000 loops=1)
                                 Index Cond: ((p_size <= 5) AND (p_size >= 1))
                                 Buffers: shared read=4
                     ->  BitmapAnd  (cost=12832.60..12832.60 rows=4861 width=0) (actual time=25.517..25.517 rows=0 loops=1)
                           Buffers: shared hit=11 read=153
                           ->  Bitmap Index Scan on part_p_container_p_brand_p_partkey_idx  (cost=0.00..854.27 rows=24404 width=0) (actual time=10.416..10.416 rows=23853 loops=1)
                                 Index Cond: ((p_container = ANY ('{"MED BAG","MED BOX","MED PKG","MED PACK"}'::bpchar[])) AND (p_brand = 'Brand#13'::bpchar))
                                 Buffers: shared hit=7 read=153
                           ->  Bitmap Index Scan on part_p_size_brin_idx  (cost=0.00..11970.80 rows=1195080 width=0) (actual time=12.779..12.779 rows=1216000 loops=1)
                                 Index Cond: ((p_size <= 10) AND (p_size >= 1))
                                 Buffers: shared hit=4
                     ->  BitmapAnd  (cost=18800.80..18800.80 rows=7312 width=0) (actual time=25.421..25.421 rows=0 loops=1)
                           Buffers: shared hit=12 read=153
                           ->  Bitmap Index Scan on part_p_container_p_brand_p_partkey_idx  (cost=0.00..855.07 rows=24486 width=0) (actual time=10.109..10.109 rows=23972 loops=1)
                                 Index Cond: ((p_container = ANY ('{"LG CASE","LG BOX","LG PACK","LG PKG"}'::bpchar[])) AND (p_brand = 'Brand#31'::bpchar))
                                 Buffers: shared hit=8 read=153
                           ->  Bitmap Index Scan on part_p_size_brin_idx  (cost=0.00..17938.20 rows=1791820 width=0) (actual time=12.820..12.820 rows=1216000 loops=1)
                                 Index Cond: ((p_size <= 15) AND (p_size >= 1))
                                 Buffers: shared hit=4
         ->  Bitmap Heap Scan on lineitem  (cost=4.74..122.89 rows=1 width=16) (actual time=0.555..0.620 rows=0 loops=14437)
               Recheck Cond: (l_partkey = part.p_partkey)
               Filter: ((l_shipmode = ANY ('{AIR,"AIR REG"}'::bpchar[])) AND (l_shipinstruct = 'DELIVER IN PERSON'::bpchar) AND (((l_quantity >= 2::double precision) AND (l_quantity <= 12::double precision)) OR ((l_quantity >= 16::double precision) AND (l_quantity <= 26::double precision)) OR ((l_quantity >= 28::double precision) AND (l_quantity <= 38::double precision))) AND (((part.p_brand = 'Brand#11'::bpchar) AND (part.p_container = ANY ('{"SM CASE","SM BOX","SM PACK","SM PKG"}'::bpchar[])) AND (l_quantity >= 2::double precision) AND (l_quantity <= 12::double precision) AND (part.p_size <= 5)) OR ((part.p_brand = 'Brand#13'::bpchar) AND (part.p_container = ANY ('{"MED BAG","MED BOX","MED PKG","MED PACK"}'::bpchar[])) AND (l_quantity >= 16::double precision) AND (l_quantity <= 26::double precision) AND (part.p_size <= 10)) OR ((part.p_brand = 'Brand#31'::bpchar) AND (part.p_container = ANY ('{"LG CASE","LG BOX","LG PACK","LG PKG"}'::bpchar[])) AND (l_quantity >= 28::double precision) AND (l_quantity <= 38::double precision) AND (part.p_size <= 15))))
               Rows Removed by Filter: 30
               Heap Blocks: exact=433074
               Buffers: shared hit=84909 read=407130 dirtied=16 written=1
               ->  Bitmap Index Scan on lineitem_l_partkey_l_quantity_idx  (cost=0.00..4.74 rows=31 width=0) (actual time=0.029..0.029 rows=30 loops=14437)
                     Index Cond: (l_partkey = part.p_partkey)
                     Buffers: shared hit=42411 read=16554
 Planning time: 3.314 ms
 Execution time: 10076.229 ms
(46 rows)

COMMIT;
COMMIT
