BEGIN;
BEGIN
EXPLAIN (ANALYZE, BUFFERS)
select
	l_orderkey,
	sum(l_extendedprice * (1 - l_discount)) as revenue,
	o_orderdate,
	o_shippriority
from
	customer,
	orders,
	lineitem
where
	c_mktsegment = 'FURNITURE'
	and c_custkey = o_custkey
	and l_orderkey = o_orderkey
	and o_orderdate < date '1995-03-12'
	and l_shipdate > date '1995-03-12'
group by
	l_orderkey,
	o_orderdate,
	o_shippriority
order by
	revenue desc,
	o_orderdate
LIMIT 10;
                                                                                               QUERY PLAN                                                                                               
--------------------------------------------------------------------------------------------------------------------------------------------------------------------------------------------------------
 Limit  (cost=8054636.41..8054636.44 rows=10 width=20) (actual time=109437.975..109437.978 rows=10 loops=1)
   Buffers: shared hit=512093 read=3597692 written=422
   ->  Sort  (cost=8054636.41..8078600.14 rows=9585489 width=20) (actual time=109437.972..109437.972 rows=10 loops=1)
         Sort Key: (sum((lineitem.l_extendedprice * (1::double precision - lineitem.l_discount)))), orders.o_orderdate
         Sort Method: top-N heapsort  Memory: 25kB
         Buffers: shared hit=512093 read=3597692 written=422
         ->  HashAggregate  (cost=7751642.55..7847497.44 rows=9585489 width=20) (actual time=109232.083..109374.823 rows=340044 loops=1)
               Group Key: lineitem.l_orderkey, orders.o_orderdate, orders.o_shippriority
               Buffers: shared hit=512087 read=3597692 written=422
               ->  Hash Join  (cost=2310994.95..7607860.22 rows=9585489 width=20) (actual time=28246.170..108369.944 rows=897349 loops=1)
                     Hash Cond: (lineitem.l_orderkey = orders.o_orderkey)
                     Buffers: shared hit=512087 read=3597692 written=422
                     ->  Bitmap Heap Scan on lineitem  (cost=763364.76..5226045.37 rows=98443969 width=12) (actual time=386.880..63719.199 rows=97262500 loops=1)
                           Recheck Cond: (l_shipdate > '1995-03-12'::date)
                           Rows Removed by Index Recheck: 82737997
                           Heap Blocks: lossy=3232131
                           Buffers: shared hit=370688 read=2861584 written=318
                           ->  Bitmap Index Scan on lineitem_l_shipdate_l_suppkey_brin_idx  (cost=0.00..738753.77 rows=98443969 width=0) (actual time=384.321..384.321 rows=32322560 loops=1)
                                 Index Cond: (l_shipdate > '1995-03-12'::date)
                                 Buffers: shared hit=37 read=104
                     ->  Hash  (cost=1492256.73..1492256.73 rows=4429877 width=12) (actual time=27819.666..27819.666 rows=4358688 loops=1)
                           Buckets: 8388608  Batches: 1  Memory Usage: 252824kB
                           Buffers: shared hit=141399 read=736108 written=104
                           ->  Hash Join  (cost=320649.41..1492256.73 rows=4429877 width=12) (actual time=1524.850..25978.267 rows=4358688 loops=1)
                                 Hash Cond: (orders.o_custkey = customer.c_custkey)
                                 Buffers: shared hit=141399 read=736108 written=104
                                 ->  Bitmap Heap Scan on orders  (cost=171374.68..1215812.25 rows=22098926 width=16) (actual time=85.526..15979.103 rows=21808131 loops=1)
                                       Recheck Cond: (o_orderdate < '1995-03-12'::date)
                                       Rows Removed by Index Recheck: 23191869
                                       Heap Blocks: lossy=768201
                                       Buffers: shared hit=79037 read=689198 written=104
                                       ->  Bitmap Index Scan on orders_o_orderdate_o_orderkey_brin_idx  (cost=0.00..165849.94 rows=22098926 width=0) (actual time=85.018..85.018 rows=7682560 loops=1)
                                             Index Cond: (o_orderdate < '1995-03-12'::date)
                                             Buffers: shared hit=9 read=25
                                 ->  Hash  (cost=137999.05..137999.05 rows=902055 width=4) (actual time=1434.409..1434.409 rows=898061 loops=1)
                                       Buckets: 1048576  Batches: 1  Memory Usage: 39765kB
                                       Buffers: shared hit=62362 read=46910
                                       ->  Bitmap Heap Scan on customer  (cost=20887.36..137999.05 rows=902055 width=4) (actual time=236.510..1174.328 rows=898061 loops=1)
                                             Recheck Cond: (c_mktsegment = 'FURNITURE'::bpchar)
                                             Heap Blocks: exact=105828
                                             Buffers: shared hit=62362 read=46910
                                             ->  Bitmap Index Scan on customer_c_mktsegment_c_custkey_idx  (cost=0.00..20661.84 rows=902055 width=0) (actual time=202.259..202.259 rows=898061 loops=1)
                                                   Index Cond: (c_mktsegment = 'FURNITURE'::bpchar)
                                                   Buffers: shared read=3444
 Planning time: 3.852 ms
 Execution time: 109526.365 ms
(46 rows)

COMMIT;
COMMIT
