BEGIN;
BEGIN
EXPLAIN (ANALYZE, BUFFERS)
select
	n_name,
	sum(l_extendedprice * (1 - l_discount)) as revenue
from
	customer,
	orders,
	lineitem,
	supplier,
	nation,
	region
where
	c_custkey = o_custkey
	and l_orderkey = o_orderkey
	and l_suppkey = s_suppkey
	and c_nationkey = s_nationkey
	and s_nationkey = n_nationkey
	and n_regionkey = r_regionkey
	and r_name = 'EUROPE'
	and o_orderdate >= date '1993-01-01'
	and o_orderdate < date '1993-01-01' + interval '1 year'
group by
	n_name
order by
	revenue desc;
                                                                                                QUERY PLAN                                                                                                
----------------------------------------------------------------------------------------------------------------------------------------------------------------------------------------------------------
 Sort  (cost=7144653.14..7144653.20 rows=25 width=34) (actual time=49791.604..49791.605 rows=5 loops=1)
   Sort Key: (sum((lineitem.l_extendedprice * (1::double precision - lineitem.l_discount))))
   Sort Method: quicksort  Memory: 25kB
   Buffers: shared hit=6148656 read=2107365 written=274
   ->  HashAggregate  (cost=7144652.31..7144652.56 rows=25 width=34) (actual time=49791.557..49791.558 rows=5 loops=1)
         Group Key: nation.n_name
         Buffers: shared hit=6148653 read=2107365 written=274
         ->  Hash Join  (cost=127005.68..7142447.78 rows=220453 width=34) (actual time=7248.748..49530.749 rows=220070 loops=1)
               Hash Cond: ((lineitem.l_suppkey = supplier.s_suppkey) AND (customer.c_nationkey = supplier.s_nationkey))
               Buffers: shared hit=6148653 read=2107365 written=274
               ->  Nested Loop  (cost=112966.68..7084869.45 rows=5511306 width=46) (actual time=7053.737..47299.647 rows=5490203 loops=1)
                     Buffers: shared hit=6142131 read=2107345 written=274
                     ->  Hash Join  (cost=112966.11..1594604.69 rows=1377854 width=38) (actual time=7053.686..24723.730 rows=1371722 loops=1)
                           Hash Cond: (orders.o_custkey = customer.c_custkey)
                           Buffers: shared hit=557549 read=735294
                           ->  Seq Scan on orders  (cost=0.00..1442025.27 rows=6889272 width=8) (actual time=0.040..14324.077 rows=6831872 loops=1)
                                 Filter: ((o_orderdate >= '1993-01-01'::date) AND (o_orderdate < '1994-01-01 00:00:00'::timestamp without time zone))
                                 Rows Removed by Filter: 38213128
                                 Buffers: shared hit=134188 read=629456
                           ->  Hash  (cost=101716.11..101716.11 rows=900000 width=38) (actual time=7048.623..7048.623 rows=901465 loops=1)
                                 Buckets: 1048576  Batches: 1  Memory Usage: 71577kB
                                 Buffers: shared hit=423361 read=105838
                                 ->  Nested Loop  (cost=1895.14..101716.11 rows=900000 width=38) (actual time=11.430..6692.002 rows=901465 loops=1)
                                       Buffers: shared hit=423361 read=105838
                                       ->  Nested Loop  (cost=0.14..13.95 rows=5 width=30) (actual time=0.039..0.087 rows=5 loops=1)
                                             Join Filter: (nation.n_regionkey = region.r_regionkey)
                                             Rows Removed by Join Filter: 20
                                             Buffers: shared hit=3
                                             ->  Index Scan using pk_nation on nation  (cost=0.14..12.51 rows=25 width=34) (actual time=0.008..0.026 rows=25 loops=1)
                                                   Buffers: shared hit=2
                                             ->  Materialize  (cost=0.00..1.07 rows=1 width=4) (actual time=0.001..0.001 rows=1 loops=25)
                                                   Buffers: shared hit=1
                                                   ->  Seq Scan on region  (cost=0.00..1.06 rows=1 width=4) (actual time=0.011..0.012 rows=1 loops=1)
                                                         Filter: (r_name = 'EUROPE'::bpchar)
                                                         Rows Removed by Filter: 4
                                                         Buffers: shared hit=1
                                       ->  Bitmap Heap Scan on customer  (cost=1895.00..18540.43 rows=180000 width=8) (actual time=11.279..1306.315 rows=180293 loops=5)
                                             Recheck Cond: (c_nationkey = nation.n_nationkey)
                                             Rows Removed by Index Recheck: 4319707
                                             Heap Blocks: lossy=529180
                                             Buffers: shared hit=423358 read=105838
                                             ->  Bitmap Index Scan on customer_c_nationkey_c_custkey_brin_idx  (cost=0.00..1850.00 rows=180000 width=0) (actual time=11.204..11.204 rows=1058560 loops=5)
                                                   Index Cond: (c_nationkey = nation.n_nationkey)
                                                   Buffers: shared hit=12 read=4
                     ->  Index Scan using pk_lineitem on lineitem  (cost=0.57..3.56 rows=42 width=16) (actual time=0.013..0.015 rows=4 loops=1371722)
                           Index Cond: (l_orderkey = orders.o_orderkey)
                           Buffers: shared hit=5584582 read=1372051 written=274
               ->  Hash  (cost=9539.00..9539.00 rows=300000 width=8) (actual time=192.477..192.477 rows=300000 loops=1)
                     Buckets: 524288  Batches: 1  Memory Usage: 15815kB
                     Buffers: shared hit=6519 read=20
                     ->  Seq Scan on supplier  (cost=0.00..9539.00 rows=300000 width=8) (actual time=0.006..106.549 rows=300000 loops=1)
                           Buffers: shared hit=6519 read=20
 Planning time: 6.210 ms
 Execution time: 49793.283 ms
(54 rows)

COMMIT;
COMMIT
