BEGIN;
BEGIN
EXPLAIN (ANALYZE, BUFFERS)
select
	c_custkey,
	c_name,
	sum(l_extendedprice * (1 - l_discount)) as revenue,
	c_acctbal,
	n_name,
	c_address,
	c_phone,
	c_comment
from
	customer,
	orders,
	lineitem,
	nation
where
	c_custkey = o_custkey
	and l_orderkey = o_orderkey
	and o_orderdate >= date '1993-02-01'
	and o_orderdate < cast(date '1993-02-01' + interval '3 month' as date)
	and l_returnflag = 'R'
	and c_nationkey = n_nationkey
group by
	c_custkey,
	c_name,
	c_acctbal,
	c_phone,
	n_name,
	c_address,
	c_comment
order by
	revenue desc
LIMIT 20;
                                                                                                QUERY PLAN                                                                                                 
-----------------------------------------------------------------------------------------------------------------------------------------------------------------------------------------------------------
 Limit  (cost=6889921.83..6889921.88 rows=20 width=176) (actual time=102870.189..102870.196 rows=20 loops=1)
   Buffers: shared hit=126775 read=3947755 dirtied=760 written=314
   ->  Sort  (cost=6889921.83..6894083.88 rows=1664819 width=176) (actual time=102870.186..102870.189 rows=20 loops=1)
         Sort Key: (sum((lineitem.l_extendedprice * (1::double precision - lineitem.l_discount))))
         Sort Method: top-N heapsort  Memory: 30kB
         Buffers: shared hit=126775 read=3947755 dirtied=760 written=314
         ->  HashAggregate  (cost=6828973.41..6845621.60 rows=1664819 width=176) (actual time=101780.322..102462.391 rows=1122132 loops=1)
               Group Key: customer.c_custkey, customer.c_name, customer.c_acctbal, customer.c_phone, nation.n_name, customer.c_address, customer.c_comment
               Buffers: shared hit=126772 read=3947755 dirtied=760 written=314
               ->  Hash Join  (cost=1033123.74..6787352.93 rows=1664819 width=176) (actual time=25560.098..95821.938 rows=3336293 loops=1)
                     Hash Cond: (customer.c_nationkey = nation.n_nationkey)
                     Buffers: shared hit=126772 read=3947755 dirtied=760 written=314
                     ->  Hash Join  (cost=1033122.18..6764460.11 rows=1664819 width=154) (actual time=25560.065..94596.636 rows=3336293 loops=1)
                           Hash Cond: (orders.o_custkey = customer.c_custkey)
                           Buffers: shared hit=126771 read=3947755 dirtied=760 written=314
                           ->  Hash Join  (cost=826036.18..6528239.78 rows=1664819 width=12) (actual time=20669.203..87370.111 rows=3336293 loops=1)
                                 Hash Cond: (lineitem.l_orderkey = orders.o_orderkey)
                                 Buffers: shared hit=126769 read=3841921 dirtied=760 written=314
                                 ->  Seq Scan on lineitem  (cost=0.00..5463264.28 rows=44458226 width=12) (actual time=0.026..54244.162 rows=44462429 loops=1)
                                       Filter: (l_returnflag = 'R'::bpchar)
                                       Rows Removed by Filter: 135716407
                                       Buffers: shared hit=126758 read=3079774 written=1
                                 ->  Hash  (cost=804908.97..804908.97 rows=1690177 width=8) (actual time=20655.675..20655.675 rows=1667286 loops=1)
                                       Buckets: 2097152  Batches: 1  Memory Usage: 81513kB
                                       Buffers: shared hit=11 read=762147 dirtied=760 written=313
                                       ->  Bitmap Heap Scan on orders  (cost=17432.31..804908.97 rows=1690177 width=8) (actual time=95.389..19783.252 rows=1667286 loops=1)
                                             Recheck Cond: ((o_orderdate >= '1993-02-01'::date) AND (o_orderdate < '1993-05-01'::date))
                                             Rows Removed by Index Recheck: 43377714
                                             Heap Blocks: lossy=762124
                                             Buffers: shared hit=11 read=762147 dirtied=760 written=313
                                             ->  Bitmap Index Scan on orders_o_orderdate_o_orderkey_brin_idx  (cost=0.00..17009.77 rows=1690177 width=0) (actual time=94.847..94.847 rows=7622400 loops=1)
                                                   Index Cond: ((o_orderdate >= '1993-02-01'::date) AND (o_orderdate < '1993-05-01'::date))
                                                   Buffers: shared hit=9 read=25
                           ->  Hash  (cost=150836.00..150836.00 rows=4500000 width=146) (actual time=4851.566..4851.566 rows=4500000 loops=1)
                                 Buckets: 8388608  Batches: 1  Memory Usage: 860930kB
                                 Buffers: shared hit=2 read=105834
                                 ->  Seq Scan on customer  (cost=0.00..150836.00 rows=4500000 width=146) (actual time=0.008..2313.255 rows=4500000 loops=1)
                                       Buffers: shared hit=2 read=105834
                     ->  Hash  (cost=1.25..1.25 rows=25 width=30) (actual time=0.022..0.022 rows=25 loops=1)
                           Buckets: 1024  Batches: 1  Memory Usage: 10kB
                           Buffers: shared hit=1
                           ->  Seq Scan on nation  (cost=0.00..1.25 rows=25 width=30) (actual time=0.006..0.009 rows=25 loops=1)
                                 Buffers: shared hit=1
 Planning time: 5.148 ms
 Execution time: 102909.803 ms
(45 rows)

COMMIT;
COMMIT
