BEGIN;
BEGIN
EXPLAIN (ANALYZE, BUFFERS)
select
	s_name,
	count(*) as numwait
from
	supplier,
	lineitem l1,
	orders,
	nation
where
	s_suppkey = l1.l_suppkey
	and o_orderkey = l1.l_orderkey
	and o_orderstatus = 'F'
	and l1.l_receiptdate > l1.l_commitdate
	and exists (
		select
			*
		from
			lineitem l2
		where
			l2.l_orderkey = l1.l_orderkey
			and l2.l_suppkey <> l1.l_suppkey
	)
	and not exists (
		select
			*
		from
			lineitem l3
		where
			l3.l_orderkey = l1.l_orderkey
			and l3.l_suppkey <> l1.l_suppkey
			and l3.l_receiptdate > l3.l_commitdate
	)
	and s_nationkey = n_nationkey
	and n_name = 'UNITED KINGDOM'
group by
	s_name
order by
	numwait desc,
	s_name
LIMIT 100;
                                                                                                   QUERY PLAN                                                                                                   
----------------------------------------------------------------------------------------------------------------------------------------------------------------------------------------------------------------
 Limit  (cost=10068679.75..10068679.75 rows=1 width=26) (actual time=137271.828..137271.846 rows=100 loops=1)
   Buffers: shared hit=44101246 read=3799971
   ->  Sort  (cost=10068679.75..10068679.75 rows=1 width=26) (actual time=137271.826..137271.834 rows=100 loops=1)
         Sort Key: (count(*)), supplier.s_name
         Sort Method: top-N heapsort  Memory: 32kB
         Buffers: shared hit=44101246 read=3799971
         ->  HashAggregate  (cost=10068679.73..10068679.74 rows=1 width=26) (actual time=137264.716..137269.020 rows=12068 loops=1)
               Group Key: supplier.s_name
               Buffers: shared hit=44101238 read=3799971
               ->  Nested Loop Anti Join  (cost=7193.83..10068679.72 rows=1 width=26) (actual time=117.942..137062.466 rows=119862 loops=1)
                     Buffers: shared hit=44101238 read=3799971
                     ->  Nested Loop Semi Join  (cost=7193.26..10068676.63 rows=1 width=34) (actual time=117.405..128461.579 rows=2128463 loops=1)
                           Join Filter: (orders.o_orderkey = l2.l_orderkey)
                           Buffers: shared hit=33424023 read=3789760
                           ->  Nested Loop  (cost=7192.69..7358673.34 rows=1185304 width=38) (actual time=117.328..113521.873 rows=2209293 loops=1)
                                 Buffers: shared hit=22800942 read=3349575
                                 ->  Hash Join  (cost=7192.13..5765810.63 rows=2426399 width=34) (actual time=117.293..83206.167 rows=4577424 loops=1)
                                       Hash Cond: (l1.l_suppkey = supplier.s_suppkey)
                                       Buffers: shared hit=664965 read=2573711
                                       ->  Seq Scan on lineitem l1  (cost=0.00..5506879.65 rows=60659964 width=8) (actual time=0.014..59291.602 rows=113799629 loops=1)
                                             Filter: (l_receiptdate > l_commitdate)
                                             Rows Removed by Filter: 66200868
                                             Buffers: shared hit=658454 read=2573677
                                       ->  Hash  (cost=7042.13..7042.13 rows=12000 width=30) (actual time=117.183..117.183 rows=12068 loops=1)
                                             Buckets: 16384  Batches: 1  Memory Usage: 883kB
                                             Buffers: shared hit=6508 read=34
                                             ->  Nested Loop  (cost=105.00..7042.13 rows=12000 width=30) (actual time=0.696..113.177 rows=12068 loops=1)
                                                   Buffers: shared hit=6508 read=34
                                                   ->  Seq Scan on nation  (cost=0.00..1.31 rows=1 width=4) (actual time=0.008..0.010 rows=1 loops=1)
                                                         Filter: (n_name = 'UNITED KINGDOM'::bpchar)
                                                         Rows Removed by Filter: 24
                                                         Buffers: shared hit=1
                                                   ->  Bitmap Heap Scan on supplier  (cost=105.00..6920.82 rows=12000 width=34) (actual time=0.681..111.147 rows=12068 loops=1)
                                                         Recheck Cond: (s_nationkey = nation.n_nationkey)
                                                         Rows Removed by Index Recheck: 287932
                                                         Heap Blocks: lossy=6539
                                                         Buffers: shared hit=6507 read=34
                                                         ->  Bitmap Index Scan on supplier_s_nationkey_s_suppkey_brin_idx  (cost=0.00..102.00 rows=12000 width=0) (actual time=0.662..0.662 rows=66560 loops=1)
                                                               Index Cond: (s_nationkey = nation.n_nationkey)
                                                               Buffers: shared hit=1 read=1
                                 ->  Index Scan using pk_orders on orders  (cost=0.56..0.65 rows=1 width=4) (actual time=0.006..0.006 rows=0 loops=4577424)
                                       Index Cond: (o_orderkey = l1.l_orderkey)
                                       Filter: (o_orderstatus = 'F'::bpchar)
                                       Rows Removed by Filter: 1
                                       Buffers: shared hit=22135977 read=775864
                           ->  Index Scan using pk_lineitem on lineitem l2  (cost=0.57..1.76 rows=42 width=8) (actual time=0.006..0.006 rows=1 loops=2209293)
                                 Index Cond: (l_orderkey = l1.l_orderkey)
                                 Filter: (l_suppkey <> l1.l_suppkey)
                                 Rows Removed by Filter: 0
                                 Buffers: shared hit=10623081 read=440185
                     ->  Index Scan using pk_lineitem on lineitem l3  (cost=0.57..1.76 rows=14 width=8) (actual time=0.004..0.004 rows=1 loops=2128463)
                           Index Cond: (l_orderkey = l1.l_orderkey)
                           Filter: ((l_receiptdate > l_commitdate) AND (l_suppkey <> l1.l_suppkey))
                           Rows Removed by Filter: 1
                           Buffers: shared hit=10677215 read=10211
 Planning time: 9.815 ms
 Execution time: 137272.338 ms
(57 rows)

COMMIT;
COMMIT
