BEGIN;
BEGIN
EXPLAIN (ANALYZE, BUFFERS)
select
	l_orderkey,
	sum(l_extendedprice * (1 - l_discount)) as revenue,
	o_orderdate,
	o_shippriority
from
	customer,
	orders,
	lineitem
where
	c_mktsegment = 'HOUSEHOLD'
	and c_custkey = o_custkey
	and l_orderkey = o_orderkey
	and o_orderdate < date '1995-03-05'
	and l_shipdate > date '1995-03-05'
group by
	l_orderkey,
	o_orderdate,
	o_shippriority
order by
	revenue desc,
	o_orderdate
LIMIT 10;
                                                                                               QUERY PLAN                                                                                               
--------------------------------------------------------------------------------------------------------------------------------------------------------------------------------------------------------
 Limit  (cost=8066548.96..8066548.98 rows=10 width=20) (actual time=108285.841..108285.844 rows=10 loops=1)
   Buffers: shared hit=552693 read=3557101 written=630
   ->  Sort  (cost=8066548.96..8090558.81 rows=9603943 width=20) (actual time=108285.838..108285.841 rows=10 loops=1)
         Sort Key: (sum((lineitem.l_extendedprice * (1::double precision - lineitem.l_discount)))), orders.o_orderdate
         Sort Method: top-N heapsort  Memory: 25kB
         Buffers: shared hit=552693 read=3557101 written=630
         ->  HashAggregate  (cost=7762971.77..7859011.20 rows=9603943 width=20) (actual time=108070.456..108222.427 rows=340330 loops=1)
               Group Key: lineitem.l_orderkey, orders.o_orderdate, orders.o_shippriority
               Buffers: shared hit=552687 read=3557101 written=630
               ->  Hash Join  (cost=2311787.63..7618912.62 rows=9603943 width=20) (actual time=29045.378..107235.708 rows=899923 loops=1)
                     Hash Cond: (lineitem.l_orderkey = orders.o_orderkey)
                     Buffers: shared hit=552687 read=3557101 written=630
                     ->  Bitmap Heap Scan on lineitem  (cost=767268.89..5236246.49 rows=98947728 width=12) (actual time=419.502..61962.142 rows=97787186 loops=1)
                           Recheck Cond: (l_shipdate > '1995-03-05'::date)
                           Rows Removed by Index Recheck: 82213311
                           Heap Blocks: lossy=3232131
                           Buffers: shared hit=499182 read=2733090 written=318
                           ->  Bitmap Index Scan on lineitem_l_shipdate_l_suppkey_brin_idx  (cost=0.00..742531.96 rows=98947728 width=0) (actual time=416.970..416.970 rows=32322560 loops=1)
                                 Index Cond: (l_shipdate > '1995-03-05'::date)
                                 Buffers: shared hit=37 read=104
                     ->  Hash  (cost=1489321.13..1489321.13 rows=4415809 width=12) (actual time=28586.198..28586.198 rows=4334751 loops=1)
                           Buckets: 8388608  Batches: 1  Memory Usage: 251795kB
                           Buffers: shared hit=53505 read=824011 written=312
                           ->  Hash Join  (cost=319814.45..1489321.13 rows=4415809 width=12) (actual time=2058.648..26810.233 rows=4334751 loops=1)
                                 Hash Cond: (orders.o_custkey = customer.c_custkey)
                                 Buffers: shared hit=53505 read=824011 written=312
                                 ->  Bitmap Heap Scan on orders  (cost=170439.93..1213369.84 rows=21978313 width=16) (actual time=85.204..16530.059 rows=21677168 loops=1)
                                       Recheck Cond: (o_orderdate < '1995-03-05'::date)
                                       Rows Removed by Index Recheck: 23322832
                                       Heap Blocks: lossy=768201
                                       Buffers: shared hit=53503 read=714732 written=183
                                       ->  Bitmap Index Scan on orders_o_orderdate_o_orderkey_brin_idx  (cost=0.00..164945.35 rows=21978313 width=0) (actual time=84.668..84.668 rows=7682560 loops=1)
                                             Index Cond: (o_orderdate < '1995-03-05'::date)
                                             Buffers: shared hit=8 read=26
                                 ->  Hash  (cost=138072.96..138072.96 rows=904125 width=4) (actual time=1968.539..1968.539 rows=900602 loops=1)
                                       Buckets: 1048576  Batches: 1  Memory Usage: 39854kB
                                       Buffers: shared hit=2 read=109279 written=129
                                       ->  Bitmap Heap Scan on customer  (cost=20935.40..138072.96 rows=904125 width=4) (actual time=232.720..1685.949 rows=900602 loops=1)
                                             Recheck Cond: (c_mktsegment = 'HOUSEHOLD'::bpchar)
                                             Heap Blocks: exact=105827
                                             Buffers: shared hit=2 read=109279 written=129
                                             ->  Bitmap Index Scan on customer_c_mktsegment_c_custkey_idx  (cost=0.00..20709.37 rows=904125 width=0) (actual time=201.333..201.333 rows=900602 loops=1)
                                                   Index Cond: (c_mktsegment = 'HOUSEHOLD'::bpchar)
                                                   Buffers: shared read=3454
 Planning time: 3.926 ms
 Execution time: 108348.462 ms
(46 rows)

COMMIT;
COMMIT
