BEGIN;
BEGIN
EXPLAIN (ANALYZE, BUFFERS)
select
	n_name,
	sum(l_extendedprice * (1 - l_discount)) as revenue
from
	customer,
	orders,
	lineitem,
	supplier,
	nation,
	region
where
	c_custkey = o_custkey
	and l_orderkey = o_orderkey
	and l_suppkey = s_suppkey
	and c_nationkey = s_nationkey
	and s_nationkey = n_nationkey
	and n_regionkey = r_regionkey
	and r_name = 'AMERICA'
	and o_orderdate >= date '1997-01-01'
	and o_orderdate < date '1997-01-01' + interval '1 year'
group by
	n_name
order by
	revenue desc;
                                                                                                QUERY PLAN                                                                                                
----------------------------------------------------------------------------------------------------------------------------------------------------------------------------------------------------------
 Sort  (cost=6723736.44..6723736.51 rows=25 width=34) (actual time=55238.168..55238.168 rows=5 loops=1)
   Sort Key: (sum((lineitem.l_extendedprice * (1::double precision - lineitem.l_discount))))
   Sort Method: quicksort  Memory: 25kB
   Buffers: shared hit=6088932 read=2150509 dirtied=1776 written=26347
   ->  HashAggregate  (cost=6723735.61..6723735.86 rows=25 width=34) (actual time=55238.124..55238.125 rows=5 loops=1)
         Group Key: nation.n_name
         Buffers: shared hit=6088929 read=2150509 dirtied=1776 written=26347
         ->  Hash Join  (cost=210174.30..6721538.36 rows=219725 width=34) (actual time=7260.406..54967.288 rows=219852 loops=1)
               Hash Cond: ((lineitem.l_suppkey = supplier.s_suppkey) AND (customer.c_nationkey = supplier.s_nationkey))
               Buffers: shared hit=6088929 read=2150509 dirtied=1776 written=26347
               ->  Nested Loop  (cost=196135.30..6664103.92 rows=5493092 width=46) (actual time=7058.187..52456.779 rows=5470057 loops=1)
                     Buffers: shared hit=6082390 read=2150506 dirtied=1776 written=26347
                     ->  Hash Join  (cost=196134.73..1165745.78 rows=1373289 width=38) (actual time=7058.104..29151.495 rows=1367684 loops=1)
                           Hash Cond: (orders.o_custkey = customer.c_custkey)
                           Buffers: shared hit=584073 read=712601 dirtied=653 written=7528
                           ->  Bitmap Heap Scan on orders  (cost=83168.62..1013297.62 rows=6866443 width=8) (actual time=85.392..18048.815 rows=6836053 loops=1)
                                 Recheck Cond: (o_orderdate >= '1997-01-01'::date)
                                 Rows Removed by Index Recheck: 34204740
                                 Filter: (o_orderdate < '1998-01-01 00:00:00'::timestamp without time zone)
                                 Rows Removed by Filter: 4004207
                                 Heap Blocks: lossy=767441
                                 Buffers: shared hit=160711 read=606764 dirtied=653 written=7528
                                 ->  Bitmap Index Scan on orders_o_orderdate_o_orderkey_brin_idx  (cost=0.00..81452.00 rows=10845867 width=0) (actual time=84.847..84.847 rows=7674880 loops=1)
                                       Index Cond: (o_orderdate >= '1997-01-01'::date)
                                       Buffers: shared hit=9 read=25
                           ->  Hash  (cost=101716.11..101716.11 rows=900000 width=38) (actual time=6967.828..6967.828 rows=899950 loops=1)
                                 Buckets: 1048576  Batches: 1  Memory Usage: 71470kB
                                 Buffers: shared hit=423362 read=105837
                                 ->  Nested Loop  (cost=1895.14..101716.11 rows=900000 width=38) (actual time=11.415..6611.063 rows=899950 loops=1)
                                       Buffers: shared hit=423362 read=105837
                                       ->  Nested Loop  (cost=0.14..13.95 rows=5 width=30) (actual time=0.037..0.098 rows=5 loops=1)
                                             Join Filter: (nation.n_regionkey = region.r_regionkey)
                                             Rows Removed by Join Filter: 20
                                             Buffers: shared hit=3
                                             ->  Index Scan using pk_nation on nation  (cost=0.14..12.51 rows=25 width=34) (actual time=0.012..0.042 rows=25 loops=1)
                                                   Buffers: shared hit=2
                                             ->  Materialize  (cost=0.00..1.07 rows=1 width=4) (actual time=0.001..0.001 rows=1 loops=25)
                                                   Buffers: shared hit=1
                                                   ->  Seq Scan on region  (cost=0.00..1.06 rows=1 width=4) (actual time=0.008..0.009 rows=1 loops=1)
                                                         Filter: (r_name = 'AMERICA'::bpchar)
                                                         Rows Removed by Filter: 4
                                                         Buffers: shared hit=1
                                       ->  Bitmap Heap Scan on customer  (cost=1895.00..18540.43 rows=180000 width=8) (actual time=11.276..1290.377 rows=179990 loops=5)
                                             Recheck Cond: (c_nationkey = nation.n_nationkey)
                                             Rows Removed by Index Recheck: 4320010
                                             Heap Blocks: lossy=529180
                                             Buffers: shared hit=423359 read=105837
                                             ->  Bitmap Index Scan on customer_c_nationkey_c_custkey_brin_idx  (cost=0.00..1850.00 rows=180000 width=0) (actual time=11.199..11.199 rows=1058560 loops=5)
                                                   Index Cond: (c_nationkey = nation.n_nationkey)
                                                   Buffers: shared hit=13 read=3
                     ->  Index Scan using pk_lineitem on lineitem  (cost=0.57..3.58 rows=42 width=16) (actual time=0.014..0.015 rows=4 loops=1367684)
                           Index Cond: (l_orderkey = orders.o_orderkey)
                           Buffers: shared hit=5498317 read=1437905 dirtied=1123 written=18819
               ->  Hash  (cost=9539.00..9539.00 rows=300000 width=8) (actual time=199.674..199.674 rows=300000 loops=1)
                     Buckets: 524288  Batches: 1  Memory Usage: 15815kB
                     Buffers: shared hit=6536 read=3
                     ->  Seq Scan on supplier  (cost=0.00..9539.00 rows=300000 width=8) (actual time=0.006..108.295 rows=300000 loops=1)
                           Buffers: shared hit=6536 read=3
 Planning time: 7.197 ms
 Execution time: 55239.807 ms
(60 rows)

COMMIT;
COMMIT
