BEGIN;
BEGIN
EXPLAIN (ANALYZE, BUFFERS)
select
	l_shipmode,
	sum(case
		when o_orderpriority = '1-URGENT'
			or o_orderpriority = '2-HIGH'
			then 1
		else 0
	end) as high_line_count,
	sum(case
		when o_orderpriority <> '1-URGENT'
			and o_orderpriority <> '2-HIGH'
			then 1
		else 0
	end) as low_line_count
from
	orders,
	lineitem
where
	o_orderkey = l_orderkey
	and l_shipmode in ('TRUCK', 'FOB')
	and l_commitdate < l_receiptdate
	and l_shipdate < l_commitdate
	and l_receiptdate >= date '1993-01-01'
	and l_receiptdate < date '1993-01-01' + interval '1 year'
group by
	l_shipmode
order by
	l_shipmode;
                                                                                                                               QUERY PLAN                                                                                                                               
------------------------------------------------------------------------------------------------------------------------------------------------------------------------------------------------------------------------------------------------------------------------
 Sort  (cost=9510566.76..9510566.77 rows=1 width=27) (actual time=94712.617..94712.617 rows=2 loops=1)
   Sort Key: lineitem.l_shipmode
   Sort Method: quicksort  Memory: 25kB
   Buffers: shared hit=767633 read=3406163
   ->  HashAggregate  (cost=9510566.74..9510566.75 rows=1 width=27) (actual time=94712.582..94712.582 rows=2 loops=1)
         Group Key: lineitem.l_shipmode
         Buffers: shared hit=767628 read=3406163
         ->  Merge Join  (cost=7413273.34..9495217.25 rows=877114 width=27) (actual time=72290.599..93812.659 rows=934770 loops=1)
               Merge Cond: (orders.o_orderkey = lineitem.l_orderkey)
               Buffers: shared hit=767628 read=3406163
               ->  Index Scan using pk_orders on orders  (cost=0.56..1955062.03 rows=45495298 width=20) (actual time=0.008..16328.154 rows=44999940 loops=1)
                     Buffers: shared hit=223666 read=717990
               ->  Sort  (cost=7413260.27..7415453.05 rows=877114 width=15) (actual time=72290.570..72429.347 rows=934770 loops=1)
                     Sort Key: lineitem.l_orderkey
                     Sort Method: quicksort  Memory: 68394kB
                     Buffers: shared hit=543962 read=2688173
                     ->  Seq Scan on lineitem  (cost=0.00..7326678.57 rows=877114 width=15) (actual time=0.136..71670.447 rows=934770 loops=1)
                           Filter: ((l_shipmode = ANY ('{TRUCK,FOB}'::bpchar[])) AND (l_commitdate < l_receiptdate) AND (l_shipdate < l_commitdate) AND (l_receiptdate >= '1993-01-01'::date) AND (l_receiptdate < '1994-01-01 00:00:00'::timestamp without time zone))
                           Rows Removed by Filter: 179065727
                           Buffers: shared hit=543958 read=2688173
 Planning time: 3.034 ms
 Execution time: 94715.408 ms
(22 rows)

COMMIT;
COMMIT
