BEGIN;
BEGIN
EXPLAIN (ANALYZE, BUFFERS)
select
	n_name,
	sum(l_extendedprice * (1 - l_discount)) as revenue
from
	customer,
	orders,
	lineitem,
	supplier,
	nation,
	region
where
	c_custkey = o_custkey
	and l_orderkey = o_orderkey
	and l_suppkey = s_suppkey
	and c_nationkey = s_nationkey
	and s_nationkey = n_nationkey
	and n_regionkey = r_regionkey
	and r_name = 'ASIA'
	and o_orderdate >= date '1993-01-01'
	and o_orderdate < date '1993-01-01' + interval '1 year'
group by
	n_name
order by
	revenue desc;
                                                                                                QUERY PLAN                                                                                                
----------------------------------------------------------------------------------------------------------------------------------------------------------------------------------------------------------
 Sort  (cost=7188560.53..7188560.60 rows=25 width=34) (actual time=48571.574..48571.574 rows=5 loops=1)
   Sort Key: (sum((lineitem.l_extendedprice * (1::double precision - lineitem.l_discount))))
   Sort Method: quicksort  Memory: 25kB
   Buffers: shared hit=6210182 read=2001752 written=147
   ->  HashAggregate  (cost=7188559.70..7188559.95 rows=25 width=34) (actual time=48571.529..48571.530 rows=5 loops=1)
         Group Key: nation.n_name
         Buffers: shared hit=6210179 read=2001752 written=147
         ->  Hash Join  (cost=127005.68..7186341.98 rows=221772 width=34) (actual time=7193.318..48310.844 rows=218364 loops=1)
               Hash Cond: ((lineitem.l_suppkey = supplier.s_suppkey) AND (customer.c_nationkey = supplier.s_nationkey))
               Buffers: shared hit=6210179 read=2001752 written=147
               ->  Nested Loop  (cost=112966.68..7128503.26 rows=5544267 width=46) (actual time=6995.293..46157.975 rows=5449169 loops=1)
                     Buffers: shared hit=6203637 read=2001752 written=147
                     ->  Hash Join  (cost=112966.11..1603446.29 rows=1386077 width=38) (actual time=6995.214..23640.535 rows=1362183 loops=1)
                           Hash Cond: (orders.o_custkey = customer.c_custkey)
                           Buffers: shared hit=758751 read=538649
                           ->  Seq Scan on orders  (cost=0.00..1450630.47 rows=6930383 width=8) (actual time=0.016..13469.583 rows=6825168 loops=1)
                                 Filter: ((o_orderdate >= '1993-01-01'::date) AND (o_orderdate < '1994-01-01 00:00:00'::timestamp without time zone))
                                 Rows Removed by Filter: 38174832
                                 Buffers: shared hit=335390 read=432811
                           ->  Hash  (cost=101716.11..101716.11 rows=900000 width=38) (actual time=6991.699..6991.699 rows=899362 loops=1)
                                 Buckets: 1048576  Batches: 1  Memory Usage: 71429kB
                                 Buffers: shared hit=423361 read=105838
                                 ->  Nested Loop  (cost=1895.14..101716.11 rows=900000 width=38) (actual time=12.669..6645.040 rows=899362 loops=1)
                                       Buffers: shared hit=423361 read=105838
                                       ->  Nested Loop  (cost=0.14..13.95 rows=5 width=30) (actual time=0.035..0.080 rows=5 loops=1)
                                             Join Filter: (nation.n_regionkey = region.r_regionkey)
                                             Rows Removed by Join Filter: 20
                                             Buffers: shared hit=3
                                             ->  Index Scan using pk_nation on nation  (cost=0.14..12.51 rows=25 width=34) (actual time=0.008..0.028 rows=25 loops=1)
                                                   Buffers: shared hit=2
                                             ->  Materialize  (cost=0.00..1.07 rows=1 width=4) (actual time=0.001..0.001 rows=1 loops=25)
                                                   Buffers: shared hit=1
                                                   ->  Seq Scan on region  (cost=0.00..1.06 rows=1 width=4) (actual time=0.008..0.009 rows=1 loops=1)
                                                         Filter: (r_name = 'ASIA'::bpchar)
                                                         Rows Removed by Filter: 4
                                                         Buffers: shared hit=1
                                       ->  Bitmap Heap Scan on customer  (cost=1895.00..18540.43 rows=180000 width=8) (actual time=12.503..1297.076 rows=179872 loops=5)
                                             Recheck Cond: (c_nationkey = nation.n_nationkey)
                                             Rows Removed by Index Recheck: 4320128
                                             Heap Blocks: lossy=529180
                                             Buffers: shared hit=423358 read=105838
                                             ->  Bitmap Index Scan on customer_c_nationkey_c_custkey_brin_idx  (cost=0.00..1850.00 rows=180000 width=0) (actual time=12.429..12.429 rows=1058560 loops=5)
                                                   Index Cond: (c_nationkey = nation.n_nationkey)
                                                   Buffers: shared hit=12 read=4
                     ->  Index Scan using pk_lineitem on lineitem  (cost=0.57..3.57 rows=42 width=16) (actual time=0.013..0.015 rows=4 loops=1362183)
                           Index Cond: (l_orderkey = orders.o_orderkey)
                           Buffers: shared hit=5444886 read=1463103 written=147
               ->  Hash  (cost=9539.00..9539.00 rows=300000 width=8) (actual time=195.918..195.918 rows=300000 loops=1)
                     Buckets: 524288  Batches: 1  Memory Usage: 15815kB
                     Buffers: shared hit=6539
                     ->  Seq Scan on supplier  (cost=0.00..9539.00 rows=300000 width=8) (actual time=0.008..106.079 rows=300000 loops=1)
                           Buffers: shared hit=6539
 Planning time: 6.832 ms
 Execution time: 48572.618 ms
(54 rows)

COMMIT;
COMMIT
