BEGIN;
BEGIN
EXPLAIN (ANALYZE, BUFFERS)
select
	o_year,
	sum(case
		when nation = 'MOROCCO' then volume
		else 0
	end) / sum(volume) as mkt_share
from
	(
		select
			extract(year from o_orderdate) as o_year,
			l_extendedprice * (1 - l_discount) as volume,
			n2.n_name as nation
		from
			part,
			supplier,
			lineitem,
			orders,
			customer,
			nation n1,
			nation n2,
			region
		where
			p_partkey = l_partkey
			and s_suppkey = l_suppkey
			and l_orderkey = o_orderkey
			and o_custkey = c_custkey
			and c_nationkey = n1.n_nationkey
			and n1.n_regionkey = r_regionkey
			and r_name = 'AFRICA'
			and s_nationkey = n2.n_nationkey
			and o_orderdate between date '1995-01-01' and date '1996-12-31'
			and p_type = 'PROMO ANODIZED NICKEL'
	) as all_nations
group by
	o_year
order by
	o_year;
                                                                                                QUERY PLAN                                                                                                
----------------------------------------------------------------------------------------------------------------------------------------------------------------------------------------------------------
 Sort  (cost=5354253.47..5354255.30 rows=733 width=38) (actual time=62265.017..62265.018 rows=2 loops=1)
   Sort Key: (date_part('year'::text, (orders.o_orderdate)::timestamp without time zone))
   Sort Method: quicksort  Memory: 25kB
   Buffers: shared hit=5510027 read=2725543 dirtied=1062 written=34861
   ->  HashAggregate  (cost=5354205.76..5354218.59 rows=733 width=38) (actual time=62264.976..62264.977 rows=2 loops=1)
         Group Key: date_part('year'::text, (orders.o_orderdate)::timestamp without time zone)
         Buffers: shared hit=5510024 read=2725543 dirtied=1062 written=34861
         ->  Hash Join  (cost=114196.86..5352737.78 rows=73399 width=38) (actual time=6508.170..62123.732 rows=72923 loops=1)
               Hash Cond: (supplier.s_nationkey = n2.n_nationkey)
               Buffers: shared hit=5510024 read=2725543 dirtied=1062 written=34861
               ->  Nested Loop  (cost=114195.29..5351359.99 rows=73399 width=16) (actual time=6508.121..61985.773 rows=72923 loops=1)
                     Buffers: shared hit=5510020 read=2725543 dirtied=1062 written=34861
                     ->  Hash Join  (cost=114194.87..5318134.96 rows=73399 width=16) (actual time=6508.074..61094.884 rows=72923 loops=1)
                           Hash Cond: (orders.o_custkey = customer.c_custkey)
                           Buffers: shared hit=5244942 read=2698482 dirtied=1062 written=34689
                           ->  Nested Loop  (cost=1240.24..5203070.12 rows=366993 width=20) (actual time=23.306..54348.029 rows=365807 loops=1)
                                 Buffers: shared hit=4821582 read=2592644 dirtied=1062 written=34689
                                 ->  Nested Loop  (cost=1239.68..4456163.66 rows=1205396 width=16) (actual time=23.220..19982.790 rows=1201109 loops=1)
                                       Buffers: shared hit=394631 read=1007571 dirtied=1062 written=14147
                                       ->  Bitmap Heap Scan on part  (cost=1235.02..84428.82 rows=40060 width=4) (actual time=23.102..439.961 rows=39959 loops=1)
                                             Recheck Cond: ((p_type)::text = 'PROMO ANODIZED NICKEL'::text)
                                             Heap Blocks: exact=34159
                                             Buffers: shared hit=1191 read=33213 written=453
                                             ->  Bitmap Index Scan on part_p_type_p_partkey_idx  (cost=0.00..1225.01 rows=40060 width=0) (actual time=14.971..14.971 rows=39959 loops=1)
                                                   Index Cond: ((p_type)::text = 'PROMO ANODIZED NICKEL'::text)
                                                   Buffers: shared read=245
                                       ->  Bitmap Heap Scan on lineitem  (cost=4.65..108.82 rows=31 width=20) (actual time=0.041..0.470 rows=30 loops=39959)
                                             Recheck Cond: (l_partkey = part.p_partkey)
                                             Heap Blocks: exact=1204553
                                             Buffers: shared hit=393440 read=974358 dirtied=1062 written=13694
                                             ->  Bitmap Index Scan on lineitem_l_partkey_l_quantity_idx  (cost=0.00..4.65 rows=31 width=0) (actual time=0.022..0.022 rows=30 loops=39959)
                                                   Index Cond: (l_partkey = part.p_partkey)
                                                   Buffers: shared hit=122145 read=41100 written=522
                                 ->  Index Scan using pk_orders on orders  (cost=0.56..0.61 rows=1 width=12) (actual time=0.028..0.028 rows=0 loops=1201109)
                                       Index Cond: (o_orderkey = lineitem.l_orderkey)
                                       Filter: ((o_orderdate >= '1995-01-01'::date) AND (o_orderdate <= '1996-12-31'::date))
                                       Rows Removed by Filter: 1
                                       Buffers: shared hit=4426951 read=1585073 written=20542
                           ->  Hash  (cost=101704.63..101704.63 rows=900000 width=4) (actual time=6481.018..6481.018 rows=899395 loops=1)
                                 Buckets: 1048576  Batches: 1  Memory Usage: 39812kB
                                 Buffers: shared hit=423360 read=105838
                                 ->  Nested Loop  (cost=1896.08..101704.63 rows=900000 width=4) (actual time=11.426..6199.235 rows=899395 loops=1)
                                       Buffers: shared hit=423360 read=105838
                                       ->  Hash Join  (cost=1.07..2.47 rows=5 width=4) (actual time=0.030..0.057 rows=5 loops=1)
                                             Hash Cond: (n1.n_regionkey = region.r_regionkey)
                                             Buffers: shared hit=2
                                             ->  Seq Scan on nation n1  (cost=0.00..1.25 rows=25 width=8) (actual time=0.004..0.012 rows=25 loops=1)
                                                   Buffers: shared hit=1
                                             ->  Hash  (cost=1.06..1.06 rows=1 width=4) (actual time=0.014..0.014 rows=1 loops=1)
                                                   Buckets: 1024  Batches: 1  Memory Usage: 9kB
                                                   Buffers: shared hit=1
                                                   ->  Seq Scan on region  (cost=0.00..1.06 rows=1 width=4) (actual time=0.009..0.011 rows=1 loops=1)
                                                         Filter: (r_name = 'AFRICA'::bpchar)
                                                         Rows Removed by Filter: 4
                                                         Buffers: shared hit=1
                                       ->  Bitmap Heap Scan on customer  (cost=1895.00..18540.43 rows=180000 width=8) (actual time=11.285..1209.209 rows=179879 loops=5)
                                             Recheck Cond: (c_nationkey = n1.n_nationkey)
                                             Rows Removed by Index Recheck: 4320121
                                             Heap Blocks: lossy=529180
                                             Buffers: shared hit=423358 read=105838
                                             ->  Bitmap Index Scan on customer_c_nationkey_c_custkey_brin_idx  (cost=0.00..1850.00 rows=180000 width=0) (actual time=11.209..11.209 rows=1058560 loops=5)
                                                   Index Cond: (c_nationkey = n1.n_nationkey)
                                                   Buffers: shared hit=12 read=4
                     ->  Index Scan using pk_supplier on supplier  (cost=0.42..0.44 rows=1 width=8) (actual time=0.011..0.011 rows=1 loops=72923)
                           Index Cond: (s_suppkey = lineitem.l_suppkey)
                           Buffers: shared hit=265078 read=27061 written=172
               ->  Hash  (cost=1.25..1.25 rows=25 width=30) (actual time=0.018..0.018 rows=25 loops=1)
                     Buckets: 1024  Batches: 1  Memory Usage: 10kB
                     Buffers: shared hit=1
                     ->  Seq Scan on nation n2  (cost=0.00..1.25 rows=25 width=30) (actual time=0.004..0.007 rows=25 loops=1)
                           Buffers: shared hit=1
 Planning time: 7.354 ms
 Execution time: 62265.977 ms
(73 rows)

COMMIT;
COMMIT
